TpTrace Verbose: 0 : 19644, 1, 2025/05/31, 03:21:43.268, 1340604592768, vstest.console.dll, Version: 17.13.0-release-25073-05 Current process architecture: X64
TpTrace Verbose: 0 : 19644, 1, 2025/05/31, 03:21:43.270, 1340604617767, vstest.console.dll, Runtime location: C:\Program Files\dotnet\shared\Microsoft.NETCore.App\9.0.5
TpTrace Information: 0 : 19644, 1, 2025/05/31, 03:21:43.274, 1340604652201, vstest.console.dll, Using .Net Framework version:.NETCoreApp,Version=v8.0
TpTrace Verbose: 0 : 19644, 1, 2025/05/31, 03:21:43.274, 1340604653701, vstest.console.dll, ArtifactProcessingPostProcessModeProcessorExecutor.Initialize: ArtifactProcessingMode.Collect
TpTrace Verbose: 0 : 19644, 1, 2025/05/31, 03:21:43.275, 1340604662622, vstest.console.dll, TestSessionCorrelationIdProcessorModeProcessorExecutor.Initialize: TestSessionCorrelationId '4708_f869139a-6177-4c56-9f77-cc2ebae43a22'
TpTrace Information: 0 : 19644, 1, 2025/05/31, 03:21:43.281, 1340604724820, vstest.console.dll, FilePatternParser: The given file C:\Users\steve.mckitrick\Desktop\BusBus\BusBus.Tests\bin\Debug\net8.0-windows\BusBus.Tests.dll is a full path.
TpTrace Verbose: 0 : 19644, 1, 2025/05/31, 03:21:43.285, 1340604767314, vstest.console.dll, TestPluginCache.DiscoverTestExtensions: finding test extensions in assemblies ends with: RuntimeProvider.dll TPluginInfo: Microsoft.VisualStudio.TestPlatform.Common.ExtensionFramework.Utilities.TestRuntimePluginInformation TExtension: Microsoft.VisualStudio.TestPlatform.ObjectModel.Host.ITestRuntimeProvider
TpTrace Verbose: 0 : 19644, 1, 2025/05/31, 03:21:43.286, 1340604769889, vstest.console.dll, TestPluginCache.GetExtensionPaths: Filtered extension paths: 
TpTrace Verbose: 0 : 19644, 1, 2025/05/31, 03:21:43.286, 1340604770478, vstest.console.dll, TestPluginCache.GetExtensionPaths: Added default extension paths: C:\Program Files\dotnet\sdk\9.0.204\Extensions\Microsoft.Diagnostics.NETCore.Client.dll
C:\Program Files\dotnet\sdk\9.0.204\Extensions\Microsoft.TestPlatform.Extensions.BlameDataCollector.dll
C:\Program Files\dotnet\sdk\9.0.204\Extensions\Microsoft.TestPlatform.Extensions.EventLogCollector.dll
C:\Program Files\dotnet\sdk\9.0.204\Extensions\Microsoft.TestPlatform.TestHostRuntimeProvider.dll
C:\Program Files\dotnet\sdk\9.0.204\Extensions\Microsoft.VisualStudio.TestPlatform.Extensions.Html.TestLogger.dll
C:\Program Files\dotnet\sdk\9.0.204\Extensions\Microsoft.VisualStudio.TestPlatform.Extensions.Trx.TestLogger.dll
TpTrace Verbose: 0 : 19644, 1, 2025/05/31, 03:21:43.286, 1340604770822, vstest.console.dll, TestPluginCache.GetExtensionPaths: Added unfilterableExtensionPaths: 
TpTrace Information: 0 : 19644, 1, 2025/05/31, 03:21:43.286, 1340604775352, vstest.console.dll, AssemblyResolver.ctor: Creating AssemblyResolver with searchDirectories C:\Program Files\dotnet\sdk\9.0.204\Extensions,C:\Program Files\dotnet\sdk\9.0.204
TpTrace Verbose: 0 : 19644, 1, 2025/05/31, 03:21:43.288, 1340604797121, vstest.console.dll, TestPluginCache.DiscoverTestExtensions: Discovering the extensions using extension path.
TpTrace Verbose: 0 : 19644, 1, 2025/05/31, 03:21:43.289, 1340604799040, vstest.console.dll, TestPluginCache.GetExtensionPaths: Filtered extension paths: 
TpTrace Verbose: 0 : 19644, 1, 2025/05/31, 03:21:43.289, 1340604799405, vstest.console.dll, TestPluginCache.GetExtensionPaths: Added default extension paths: C:\Program Files\dotnet\sdk\9.0.204\Extensions\Microsoft.Diagnostics.NETCore.Client.dll
C:\Program Files\dotnet\sdk\9.0.204\Extensions\Microsoft.TestPlatform.Extensions.BlameDataCollector.dll
C:\Program Files\dotnet\sdk\9.0.204\Extensions\Microsoft.TestPlatform.Extensions.EventLogCollector.dll
C:\Program Files\dotnet\sdk\9.0.204\Extensions\Microsoft.TestPlatform.TestHostRuntimeProvider.dll
C:\Program Files\dotnet\sdk\9.0.204\Extensions\Microsoft.VisualStudio.TestPlatform.Extensions.Html.TestLogger.dll
C:\Program Files\dotnet\sdk\9.0.204\Extensions\Microsoft.VisualStudio.TestPlatform.Extensions.Trx.TestLogger.dll
TpTrace Verbose: 0 : 19644, 1, 2025/05/31, 03:21:43.289, 1340604799722, vstest.console.dll, TestPluginCache.GetExtensionPaths: Added unfilterableExtensionPaths: 
TpTrace Verbose: 0 : 19644, 1, 2025/05/31, 03:21:43.289, 1340604800803, vstest.console.dll, TestPluginCache.DiscoverTestExtensions: Discovering the extensions using allExtensionPaths: C:\Program Files\dotnet\sdk\9.0.204\Extensions\Microsoft.Diagnostics.NETCore.Client.dll
C:\Program Files\dotnet\sdk\9.0.204\Extensions\Microsoft.TestPlatform.Extensions.BlameDataCollector.dll
C:\Program Files\dotnet\sdk\9.0.204\Extensions\Microsoft.TestPlatform.Extensions.EventLogCollector.dll
C:\Program Files\dotnet\sdk\9.0.204\Extensions\Microsoft.TestPlatform.TestHostRuntimeProvider.dll
C:\Program Files\dotnet\sdk\9.0.204\Extensions\Microsoft.VisualStudio.TestPlatform.Extensions.Html.TestLogger.dll
C:\Program Files\dotnet\sdk\9.0.204\Extensions\Microsoft.VisualStudio.TestPlatform.Extensions.Trx.TestLogger.dll
TpTrace Information: 0 : 19644, 1, 2025/05/31, 03:21:43.289, 1340604801820, vstest.console.dll, AssemblyResolver.AddSearchDirectories: Adding more searchDirectories C:\Program Files\dotnet\sdk\9.0.204\Extensions,C:\Program Files\dotnet\sdk\9.0.204
TpTrace Information: 0 : 19644, 1, 2025/05/31, 03:21:43.289, 1340604802221, vstest.console.dll, AssemblyResolver.AddSearchDirectories: Adding more searchDirectories C:\Program Files\dotnet\sdk\9.0.204\Extensions,C:\Program Files\dotnet\sdk\9.0.204
TpTrace Information: 0 : 19644, 1, 2025/05/31, 03:21:43.289, 1340604802482, vstest.console.dll, AssemblyResolver.AddSearchDirectories: Adding more searchDirectories C:\Program Files\dotnet\sdk\9.0.204\Extensions,C:\Program Files\dotnet\sdk\9.0.204
TpTrace Information: 0 : 19644, 1, 2025/05/31, 03:21:43.289, 1340604802886, vstest.console.dll, AssemblyResolver.AddSearchDirectories: Adding more searchDirectories C:\Program Files\dotnet\sdk\9.0.204\Extensions,C:\Program Files\dotnet\sdk\9.0.204
TpTrace Information: 0 : 19644, 1, 2025/05/31, 03:21:43.289, 1340604803109, vstest.console.dll, AssemblyResolver.AddSearchDirectories: Adding more searchDirectories C:\Program Files\dotnet\sdk\9.0.204\Extensions,C:\Program Files\dotnet\sdk\9.0.204
TpTrace Information: 0 : 19644, 1, 2025/05/31, 03:21:43.289, 1340604803317, vstest.console.dll, AssemblyResolver.AddSearchDirectories: Adding more searchDirectories C:\Program Files\dotnet\sdk\9.0.204\Extensions,C:\Program Files\dotnet\sdk\9.0.204
TpTrace Information: 0 : 19644, 1, 2025/05/31, 03:21:43.289, 1340604807182, vstest.console.dll, AssemblyResolver.OnResolve: Microsoft.Diagnostics.NETCore.Client: Resolving assembly.
TpTrace Information: 0 : 19644, 1, 2025/05/31, 03:21:43.289, 1340604807844, vstest.console.dll, AssemblyResolver.OnResolve: Microsoft.Diagnostics.NETCore.Client: Searching in: 'C:\Program Files\dotnet\sdk\9.0.204\Extensions'.
TpTrace Information: 0 : 19644, 1, 2025/05/31, 03:21:43.301, 1340604926575, vstest.console.dll, AssemblyResolver.OnResolve: Microsoft.Diagnostics.NETCore.Client: Loading assembly 'C:\Program Files\dotnet\sdk\9.0.204\Extensions\Microsoft.Diagnostics.NETCore.Client.dll'.
TpTrace Information: 0 : 19644, 1, 2025/05/31, 03:21:43.302, 1340604934453, vstest.console.dll, AssemblyResolver.OnResolve: Resolved assembly: Microsoft.Diagnostics.NETCore.Client, from path: C:\Program Files\dotnet\sdk\9.0.204\Extensions\Microsoft.Diagnostics.NETCore.Client.dll
TpTrace Verbose: 0 : 19644, 1, 2025/05/31, 03:21:43.303, 1340604942645, vstest.console.dll, MetadataReaderExtensionsHelper: Discovering extensions inside assembly 'Microsoft.Diagnostics.NETCore.Client, Version=0.2.11.6601, Culture=neutral, PublicKeyToken=31bf3856ad364e35' file path 'C:\Program Files\dotnet\sdk\9.0.204\Extensions\Microsoft.Diagnostics.NETCore.Client.dll'
TpTrace Information: 0 : 19644, 1, 2025/05/31, 03:21:43.308, 1340604991380, vstest.console.dll, AssemblyResolver.OnResolve: Microsoft.Bcl.AsyncInterfaces: Resolving assembly.
TpTrace Information: 0 : 19644, 1, 2025/05/31, 03:21:43.308, 1340604992420, vstest.console.dll, AssemblyResolver.OnResolve: Microsoft.Bcl.AsyncInterfaces: Searching in: 'C:\Program Files\dotnet\sdk\9.0.204\Extensions'.
TpTrace Information: 0 : 19644, 1, 2025/05/31, 03:21:43.308, 1340604993479, vstest.console.dll, AssemblyResolver.OnResolve: Microsoft.Bcl.AsyncInterfaces: Assembly path does not exist: 'C:\Program Files\dotnet\sdk\9.0.204\Extensions\Microsoft.Bcl.AsyncInterfaces.dll', returning.
TpTrace Information: 0 : 19644, 1, 2025/05/31, 03:21:43.308, 1340604994055, vstest.console.dll, AssemblyResolver.OnResolve: Microsoft.Bcl.AsyncInterfaces: Assembly path does not exist: 'C:\Program Files\dotnet\sdk\9.0.204\Extensions\Microsoft.Bcl.AsyncInterfaces.exe', returning.
TpTrace Information: 0 : 19644, 1, 2025/05/31, 03:21:43.308, 1340604994322, vstest.console.dll, AssemblyResolver.OnResolve: Microsoft.Bcl.AsyncInterfaces: Searching in: 'C:\Program Files\dotnet\sdk\9.0.204'.
TpTrace Information: 0 : 19644, 1, 2025/05/31, 03:21:43.308, 1340604994746, vstest.console.dll, AssemblyResolver.OnResolve: Microsoft.Bcl.AsyncInterfaces: Assembly path does not exist: 'C:\Program Files\dotnet\sdk\9.0.204\Microsoft.Bcl.AsyncInterfaces.dll', returning.
TpTrace Information: 0 : 19644, 1, 2025/05/31, 03:21:43.308, 1340604995432, vstest.console.dll, AssemblyResolver.OnResolve: Microsoft.Bcl.AsyncInterfaces: Assembly path does not exist: 'C:\Program Files\dotnet\sdk\9.0.204\Microsoft.Bcl.AsyncInterfaces.exe', returning.
TpTrace Information: 0 : 19644, 1, 2025/05/31, 03:21:43.308, 1340604995668, vstest.console.dll, AssemblyResolver.OnResolve: Microsoft.Bcl.AsyncInterfaces: Failed to load assembly.
TpTrace Verbose: 0 : 19644, 1, 2025/05/31, 03:21:43.308, 1340604996004, vstest.console.dll, CurrentDomainAssemblyResolve: Resolving assembly 'Microsoft.Bcl.AsyncInterfaces'.
TpTrace Information: 0 : 19644, 1, 2025/05/31, 03:21:43.308, 1340604996466, vstest.console.dll, AssemblyResolver.OnResolve: Microsoft.Bcl.AsyncInterfaces: Resolving assembly.
TpTrace Information: 0 : 19644, 1, 2025/05/31, 03:21:43.308, 1340604996764, vstest.console.dll, AssemblyResolver.OnResolve: Microsoft.Bcl.AsyncInterfaces: Resolved from cache.
TpTrace Verbose: 0 : 19644, 1, 2025/05/31, 03:21:43.308, 1340604996974, vstest.console.dll, CurrentDomainAssemblyResolve: Resolving assembly 'Microsoft.Bcl.AsyncInterfaces'.
TpTrace Verbose: 0 : 19644, 1, 2025/05/31, 03:21:43.308, 1340604997225, vstest.console.dll, CurrentDomainAssemblyResolve: Failed to resolve assembly 'Microsoft.Bcl.AsyncInterfaces'.
TpTrace Verbose: 0 : 19644, 1, 2025/05/31, 03:21:43.309, 1340605006607, vstest.console.dll, CurrentDomainAssemblyResolve: Failed to resolve assembly 'Microsoft.Bcl.AsyncInterfaces'.
TpTrace Warning: 0 : 19644, 1, 2025/05/31, 03:21:43.319, 1340605099795, vstest.console.dll, TestPluginDiscoverer: Failed to get types from assembly 'Microsoft.Diagnostics.NETCore.Client, Version=0.2.11.6601, Culture=neutral, PublicKeyToken=31bf3856ad364e35'. Error: System.Reflection.ReflectionTypeLoadException: Unable to load one or more of the requested types.
Could not load file or assembly 'Microsoft.Bcl.AsyncInterfaces, Version=6.0.0.0, Culture=neutral, PublicKeyToken=cc7b13ffcd2ddd51'. The system cannot find the file specified.
   at System.Reflection.RuntimeModule.GetDefinedTypes()
   at System.Reflection.RuntimeModule.GetTypes()
   at Microsoft.VisualStudio.TestPlatform.Common.ExtensionFramework.TestPluginDiscoverer.GetTestExtensionsFromAssembly[TPluginInfo,TExtension](Assembly assembly, Dictionary`2 pluginInfos, String filePath) in /_/src/Microsoft.TestPlatform.Common/ExtensionFramework/TestPluginDiscoverer.cs:line 159
System.IO.FileNotFoundException: Could not load file or assembly 'Microsoft.Bcl.AsyncInterfaces, Version=6.0.0.0, Culture=neutral, PublicKeyToken=cc7b13ffcd2ddd51'. The system cannot find the file specified.
File name: 'Microsoft.Bcl.AsyncInterfaces, Version=6.0.0.0, Culture=neutral, PublicKeyToken=cc7b13ffcd2ddd51'
 ---> System.IO.FileNotFoundException: Could not load file or assembly 'Microsoft.Bcl.AsyncInterfaces, Culture=neutral, PublicKeyToken=null'. The system cannot find the file specified.
File name: 'Microsoft.Bcl.AsyncInterfaces, Culture=neutral, PublicKeyToken=null'
   at System.Reflection.RuntimeAssembly.InternalLoad(AssemblyName assemblyName, StackCrawlMark& stackMark, AssemblyLoadContext assemblyLoadContext, RuntimeAssembly requestingAssembly, Boolean throwOnFileNotFound)
   at System.Reflection.Assembly.Load(AssemblyName assemblyRef)
   at Microsoft.VisualStudio.TestPlatform.Common.ExtensionFramework.TestPluginCache.CurrentDomainAssemblyResolve(Object sender, AssemblyResolveEventArgs args) in /_/src/Microsoft.TestPlatform.Common/ExtensionFramework/TestPluginCache.cs:line 514
   at System.Runtime.Loader.AssemblyLoadContext.GetFirstResolvedAssemblyFromResolvingEvent(AssemblyName assemblyName)
   at System.Runtime.Loader.AssemblyLoadContext.ResolveUsingEvent(AssemblyName assemblyName)
   at System.Runtime.Loader.AssemblyLoadContext.ResolveUsingResolvingEvent(IntPtr gchManagedAssemblyLoadContext, AssemblyName assemblyName)
TpTrace Warning: 0 : 19644, 1, 2025/05/31, 03:21:43.319, 1340605102595, vstest.console.dll, LoaderExceptions: System.IO.FileNotFoundException: Could not load file or assembly 'Microsoft.Bcl.AsyncInterfaces, Version=6.0.0.0, Culture=neutral, PublicKeyToken=cc7b13ffcd2ddd51'. The system cannot find the file specified.
File name: 'Microsoft.Bcl.AsyncInterfaces, Version=6.0.0.0, Culture=neutral, PublicKeyToken=cc7b13ffcd2ddd51'
 ---> System.IO.FileNotFoundException: Could not load file or assembly 'Microsoft.Bcl.AsyncInterfaces, Culture=neutral, PublicKeyToken=null'. The system cannot find the file specified.
File name: 'Microsoft.Bcl.AsyncInterfaces, Culture=neutral, PublicKeyToken=null'
   at System.Reflection.RuntimeAssembly.InternalLoad(AssemblyName assemblyName, StackCrawlMark& stackMark, AssemblyLoadContext assemblyLoadContext, RuntimeAssembly requestingAssembly, Boolean throwOnFileNotFound)
   at System.Reflection.Assembly.Load(AssemblyName assemblyRef)
   at Microsoft.VisualStudio.TestPlatform.Common.ExtensionFramework.TestPluginCache.CurrentDomainAssemblyResolve(Object sender, AssemblyResolveEventArgs args) in /_/src/Microsoft.TestPlatform.Common/ExtensionFramework/TestPluginCache.cs:line 514
   at System.Runtime.Loader.AssemblyLoadContext.GetFirstResolvedAssemblyFromResolvingEvent(AssemblyName assemblyName)
   at System.Runtime.Loader.AssemblyLoadContext.ResolveUsingEvent(AssemblyName assemblyName)
   at System.Runtime.Loader.AssemblyLoadContext.ResolveUsingResolvingEvent(IntPtr gchManagedAssemblyLoadContext, AssemblyName assemblyName)
TpTrace Information: 0 : 19644, 1, 2025/05/31, 03:21:43.319, 1340605103601, vstest.console.dll, AssemblyResolver.OnResolve: Microsoft.TestPlatform.Extensions.BlameDataCollector: Resolving assembly.
TpTrace Information: 0 : 19644, 1, 2025/05/31, 03:21:43.319, 1340605103954, vstest.console.dll, AssemblyResolver.OnResolve: Microsoft.TestPlatform.Extensions.BlameDataCollector: Searching in: 'C:\Program Files\dotnet\sdk\9.0.204\Extensions'.
TpTrace Information: 0 : 19644, 1, 2025/05/31, 03:21:43.320, 1340605109147, vstest.console.dll, AssemblyResolver.OnResolve: Microsoft.TestPlatform.Extensions.BlameDataCollector: Loading assembly 'C:\Program Files\dotnet\sdk\9.0.204\Extensions\Microsoft.TestPlatform.Extensions.BlameDataCollector.dll'.
TpTrace Information: 0 : 19644, 1, 2025/05/31, 03:21:43.321, 1340605121280, vstest.console.dll, AssemblyResolver.OnResolve: Resolved assembly: Microsoft.TestPlatform.Extensions.BlameDataCollector, from path: C:\Program Files\dotnet\sdk\9.0.204\Extensions\Microsoft.TestPlatform.Extensions.BlameDataCollector.dll
TpTrace Verbose: 0 : 19644, 1, 2025/05/31, 03:21:43.321, 1340605122647, vstest.console.dll, MetadataReaderExtensionsHelper: Discovering extensions inside assembly 'Microsoft.TestPlatform.Extensions.BlameDataCollector, Version=15.0.0.0, Culture=neutral, PublicKeyToken=b03f5f7f11d50a3a' file path 'C:\Program Files\dotnet\sdk\9.0.204\Extensions\Microsoft.TestPlatform.Extensions.BlameDataCollector.dll'
TpTrace Information: 0 : 19644, 1, 2025/05/31, 03:21:43.323, 1340605145762, vstest.console.dll, AssemblyResolver.OnResolve: Microsoft.TestPlatform.Extensions.EventLogCollector: Resolving assembly.
TpTrace Information: 0 : 19644, 1, 2025/05/31, 03:21:43.323, 1340605146870, vstest.console.dll, AssemblyResolver.OnResolve: Microsoft.TestPlatform.Extensions.EventLogCollector: Searching in: 'C:\Program Files\dotnet\sdk\9.0.204\Extensions'.
TpTrace Information: 0 : 19644, 1, 2025/05/31, 03:21:43.324, 1340605153146, vstest.console.dll, AssemblyResolver.OnResolve: Microsoft.TestPlatform.Extensions.EventLogCollector: Loading assembly 'C:\Program Files\dotnet\sdk\9.0.204\Extensions\Microsoft.TestPlatform.Extensions.EventLogCollector.dll'.
TpTrace Information: 0 : 19644, 1, 2025/05/31, 03:21:43.325, 1340605161281, vstest.console.dll, AssemblyResolver.OnResolve: Resolved assembly: Microsoft.TestPlatform.Extensions.EventLogCollector, from path: C:\Program Files\dotnet\sdk\9.0.204\Extensions\Microsoft.TestPlatform.Extensions.EventLogCollector.dll
TpTrace Verbose: 0 : 19644, 1, 2025/05/31, 03:21:43.325, 1340605161853, vstest.console.dll, MetadataReaderExtensionsHelper: Discovering extensions inside assembly 'Microsoft.TestPlatform.Extensions.EventLogCollector, Version=15.0.0.0, Culture=neutral, PublicKeyToken=b03f5f7f11d50a3a' file path 'C:\Program Files\dotnet\sdk\9.0.204\Extensions\Microsoft.TestPlatform.Extensions.EventLogCollector.dll'
TpTrace Information: 0 : 19644, 1, 2025/05/31, 03:21:43.327, 1340605187331, vstest.console.dll, AssemblyResolver.OnResolve: Microsoft.TestPlatform.TestHostRuntimeProvider: Resolving assembly.
TpTrace Information: 0 : 19644, 1, 2025/05/31, 03:21:43.327, 1340605187893, vstest.console.dll, AssemblyResolver.OnResolve: Microsoft.TestPlatform.TestHostRuntimeProvider: Searching in: 'C:\Program Files\dotnet\sdk\9.0.204\Extensions'.
TpTrace Information: 0 : 19644, 1, 2025/05/31, 03:21:43.328, 1340605192050, vstest.console.dll, AssemblyResolver.OnResolve: Microsoft.TestPlatform.TestHostRuntimeProvider: Loading assembly 'C:\Program Files\dotnet\sdk\9.0.204\Extensions\Microsoft.TestPlatform.TestHostRuntimeProvider.dll'.
TpTrace Information: 0 : 19644, 1, 2025/05/31, 03:21:43.329, 1340605199125, vstest.console.dll, AssemblyResolver.OnResolve: Resolved assembly: Microsoft.TestPlatform.TestHostRuntimeProvider, from path: C:\Program Files\dotnet\sdk\9.0.204\Extensions\Microsoft.TestPlatform.TestHostRuntimeProvider.dll
TpTrace Verbose: 0 : 19644, 1, 2025/05/31, 03:21:43.329, 1340605199673, vstest.console.dll, MetadataReaderExtensionsHelper: Discovering extensions inside assembly 'Microsoft.TestPlatform.TestHostRuntimeProvider, Version=15.0.0.0, Culture=neutral, PublicKeyToken=b03f5f7f11d50a3a' file path 'C:\Program Files\dotnet\sdk\9.0.204\Extensions\Microsoft.TestPlatform.TestHostRuntimeProvider.dll'
TpTrace Information: 0 : 19644, 1, 2025/05/31, 03:21:43.330, 1340605211881, vstest.console.dll, GetTestExtensionFromType: Register extension with identifier data 'HostProvider://DefaultTestHost' and type 'Microsoft.VisualStudio.TestPlatform.CrossPlatEngine.Hosting.DefaultTestHostManager, Microsoft.TestPlatform.TestHostRuntimeProvider, Version=15.0.0.0, Culture=neutral, PublicKeyToken=b03f5f7f11d50a3a' inside file 'C:\Program Files\dotnet\sdk\9.0.204\Extensions\Microsoft.TestPlatform.TestHostRuntimeProvider.dll'
TpTrace Information: 0 : 19644, 1, 2025/05/31, 03:21:43.330, 1340605213677, vstest.console.dll, GetTestExtensionFromType: Register extension with identifier data 'HostProvider://DotnetTestHost' and type 'Microsoft.VisualStudio.TestPlatform.CrossPlatEngine.Hosting.DotnetTestHostManager, Microsoft.TestPlatform.TestHostRuntimeProvider, Version=15.0.0.0, Culture=neutral, PublicKeyToken=b03f5f7f11d50a3a' inside file 'C:\Program Files\dotnet\sdk\9.0.204\Extensions\Microsoft.TestPlatform.TestHostRuntimeProvider.dll'
TpTrace Information: 0 : 19644, 1, 2025/05/31, 03:21:43.330, 1340605214319, vstest.console.dll, AssemblyResolver.OnResolve: Microsoft.VisualStudio.TestPlatform.Extensions.Html.TestLogger: Resolving assembly.
TpTrace Information: 0 : 19644, 1, 2025/05/31, 03:21:43.330, 1340605214594, vstest.console.dll, AssemblyResolver.OnResolve: Microsoft.VisualStudio.TestPlatform.Extensions.Html.TestLogger: Searching in: 'C:\Program Files\dotnet\sdk\9.0.204\Extensions'.
TpTrace Information: 0 : 19644, 1, 2025/05/31, 03:21:43.331, 1340605219101, vstest.console.dll, AssemblyResolver.OnResolve: Microsoft.VisualStudio.TestPlatform.Extensions.Html.TestLogger: Loading assembly 'C:\Program Files\dotnet\sdk\9.0.204\Extensions\Microsoft.VisualStudio.TestPlatform.Extensions.Html.TestLogger.dll'.
TpTrace Information: 0 : 19644, 1, 2025/05/31, 03:21:43.331, 1340605226901, vstest.console.dll, AssemblyResolver.OnResolve: Resolved assembly: Microsoft.VisualStudio.TestPlatform.Extensions.Html.TestLogger, from path: C:\Program Files\dotnet\sdk\9.0.204\Extensions\Microsoft.VisualStudio.TestPlatform.Extensions.Html.TestLogger.dll
TpTrace Verbose: 0 : 19644, 1, 2025/05/31, 03:21:43.331, 1340605227874, vstest.console.dll, MetadataReaderExtensionsHelper: Discovering extensions inside assembly 'Microsoft.VisualStudio.TestPlatform.Extensions.Html.TestLogger, Version=15.0.0.0, Culture=neutral, PublicKeyToken=b03f5f7f11d50a3a' file path 'C:\Program Files\dotnet\sdk\9.0.204\Extensions\Microsoft.VisualStudio.TestPlatform.Extensions.Html.TestLogger.dll'
TpTrace Information: 0 : 19644, 1, 2025/05/31, 03:21:43.332, 1340605234390, vstest.console.dll, AssemblyResolver.OnResolve: Microsoft.VisualStudio.TestPlatform.Extensions.Trx.TestLogger: Resolving assembly.
TpTrace Information: 0 : 19644, 1, 2025/05/31, 03:21:43.332, 1340605234895, vstest.console.dll, AssemblyResolver.OnResolve: Microsoft.VisualStudio.TestPlatform.Extensions.Trx.TestLogger: Searching in: 'C:\Program Files\dotnet\sdk\9.0.204\Extensions'.
TpTrace Information: 0 : 19644, 1, 2025/05/31, 03:21:43.333, 1340605238878, vstest.console.dll, AssemblyResolver.OnResolve: Microsoft.VisualStudio.TestPlatform.Extensions.Trx.TestLogger: Loading assembly 'C:\Program Files\dotnet\sdk\9.0.204\Extensions\Microsoft.VisualStudio.TestPlatform.Extensions.Trx.TestLogger.dll'.
TpTrace Information: 0 : 19644, 1, 2025/05/31, 03:21:43.333, 1340605245692, vstest.console.dll, AssemblyResolver.OnResolve: Resolved assembly: Microsoft.VisualStudio.TestPlatform.Extensions.Trx.TestLogger, from path: C:\Program Files\dotnet\sdk\9.0.204\Extensions\Microsoft.VisualStudio.TestPlatform.Extensions.Trx.TestLogger.dll
TpTrace Verbose: 0 : 19644, 1, 2025/05/31, 03:21:43.333, 1340605246228, vstest.console.dll, MetadataReaderExtensionsHelper: Discovering extensions inside assembly 'Microsoft.VisualStudio.TestPlatform.Extensions.Trx.TestLogger, Version=15.0.0.0, Culture=neutral, PublicKeyToken=b03f5f7f11d50a3a' file path 'C:\Program Files\dotnet\sdk\9.0.204\Extensions\Microsoft.VisualStudio.TestPlatform.Extensions.Trx.TestLogger.dll'
TpTrace Verbose: 0 : 19644, 1, 2025/05/31, 03:21:43.334, 1340605254640, vstest.console.dll, TestPluginCache: Discovered the extensions using extension path ''.
TpTrace Verbose: 0 : 19644, 1, 2025/05/31, 03:21:43.334, 1340605255144, vstest.console.dll, TestPluginCache: Discoverers are ''.
TpTrace Verbose: 0 : 19644, 1, 2025/05/31, 03:21:43.334, 1340605255373, vstest.console.dll, TestPluginCache: Executors are ''.
TpTrace Verbose: 0 : 19644, 1, 2025/05/31, 03:21:43.334, 1340605255643, vstest.console.dll, TestPluginCache: Executors2 are ''.
TpTrace Verbose: 0 : 19644, 1, 2025/05/31, 03:21:43.334, 1340605255839, vstest.console.dll, TestPluginCache: Setting providers are ''.
TpTrace Verbose: 0 : 19644, 1, 2025/05/31, 03:21:43.334, 1340605256022, vstest.console.dll, TestPluginCache: Loggers are ''.
TpTrace Verbose: 0 : 19644, 1, 2025/05/31, 03:21:43.334, 1340605257166, vstest.console.dll, TestPluginCache: TestHosts are 'HostProvider://DefaultTestHost,HostProvider://DotnetTestHost'.
TpTrace Verbose: 0 : 19644, 1, 2025/05/31, 03:21:43.334, 1340605257491, vstest.console.dll, TestPluginCache: DataCollectors are ''.
TpTrace Information: 0 : 19644, 1, 2025/05/31, 03:21:43.348, 1340605398232, vstest.console.dll, RunTestsArgumentProcessor:Execute: Test run is starting.
TpTrace Verbose: 0 : 19644, 1, 2025/05/31, 03:21:43.349, 1340605399180, vstest.console.dll, RunTestsArgumentProcessor:Execute: Queuing Test run.
TpTrace Information: 0 : 19644, 1, 2025/05/31, 03:21:43.349, 1340605400790, vstest.console.dll, TestRequestManager.RunTests: run tests started.
TpTrace Information: 0 : 19644, 1, 2025/05/31, 03:21:43.350, 1340605414981, vstest.console.dll, AssemblyMetadataProvider.GetFrameworkName: Determined framework:'.NETCoreApp,Version=v8.0' for source: 'C:\Users\steve.mckitrick\Desktop\BusBus\BusBus.Tests\bin\Debug\net8.0-windows\BusBus.Tests.dll'
TpTrace Information: 0 : 19644, 1, 2025/05/31, 03:21:43.350, 1340605416165, vstest.console.dll, Determined framework for all sources: .NETCoreApp,Version=v8.0
TpTrace Verbose: 0 : 19644, 1, 2025/05/31, 03:21:43.350, 1340605418096, vstest.console.dll, TestRequestManager.UpdateRunSettingsIfRequired: Default architecture: X64 IsDefaultTargetArchitecture: True, Current process architecture: X64 OperatingSystem: Windows.
TpTrace Information: 0 : 19644, 1, 2025/05/31, 03:21:43.353, 1340605439844, vstest.console.dll, AssemblyMetadataProvider.GetArchitecture: Determined architecture:AnyCPU info for assembly: C:\Users\steve.mckitrick\Desktop\BusBus\BusBus.Tests\bin\Debug\net8.0-windows\BusBus.Tests.dll
TpTrace Information: 0 : 19644, 1, 2025/05/31, 03:21:43.353, 1340605440293, vstest.console.dll, Determined platform for source 'C:\Users\steve.mckitrick\Desktop\BusBus\BusBus.Tests\bin\Debug\net8.0-windows\BusBus.Tests.dll' was AnyCPU and it will use the default plaform X64.
TpTrace Information: 0 : 19644, 1, 2025/05/31, 03:21:43.353, 1340605440514, vstest.console.dll, None of the sources provided any runnable platform, using the default platform: X64
TpTrace Information: 0 : 19644, 1, 2025/05/31, 03:21:43.353, 1340605441557, vstest.console.dll, Platform was updated to 'X64'.
TpTrace Information: 0 : 19644, 1, 2025/05/31, 03:21:43.354, 1340605454704, vstest.console.dll, Compatible sources list: 
TpTrace Information: 0 : 19644, 1, 2025/05/31, 03:21:43.354, 1340605455459, vstest.console.dll, C:\Users\steve.mckitrick\Desktop\BusBus\BusBus.Tests\bin\Debug\net8.0-windows\BusBus.Tests.dll
TpTrace Information: 0 : 19644, 1, 2025/05/31, 03:21:43.356, 1340605476409, vstest.console.dll, InferRunSettingsHelper.IsTestSettingsEnabled: Unable to navigate to RunSettings/MSTest. Current node: RunSettings
TpTrace Information: 0 : 19644, 1, 2025/05/31, 03:21:43.357, 1340605481573, vstest.console.dll, AssemblyResolver.OnResolve: Microsoft.VisualStudio.TestPlatform.Fakes: Resolving assembly.
TpTrace Information: 0 : 19644, 1, 2025/05/31, 03:21:43.357, 1340605482066, vstest.console.dll, AssemblyResolver.OnResolve: Microsoft.VisualStudio.TestPlatform.Fakes: Searching in: 'C:\Program Files\dotnet\sdk\9.0.204\Extensions'.
TpTrace Information: 0 : 19644, 1, 2025/05/31, 03:21:43.357, 1340605482906, vstest.console.dll, AssemblyResolver.OnResolve: Microsoft.VisualStudio.TestPlatform.Fakes: Assembly path does not exist: 'C:\Program Files\dotnet\sdk\9.0.204\Extensions\Microsoft.VisualStudio.TestPlatform.Fakes.dll', returning.
TpTrace Information: 0 : 19644, 1, 2025/05/31, 03:21:43.357, 1340605483420, vstest.console.dll, AssemblyResolver.OnResolve: Microsoft.VisualStudio.TestPlatform.Fakes: Assembly path does not exist: 'C:\Program Files\dotnet\sdk\9.0.204\Extensions\Microsoft.VisualStudio.TestPlatform.Fakes.exe', returning.
TpTrace Information: 0 : 19644, 1, 2025/05/31, 03:21:43.357, 1340605483671, vstest.console.dll, AssemblyResolver.OnResolve: Microsoft.VisualStudio.TestPlatform.Fakes: Searching in: 'C:\Program Files\dotnet\sdk\9.0.204'.
TpTrace Information: 0 : 19644, 1, 2025/05/31, 03:21:43.357, 1340605484116, vstest.console.dll, AssemblyResolver.OnResolve: Microsoft.VisualStudio.TestPlatform.Fakes: Assembly path does not exist: 'C:\Program Files\dotnet\sdk\9.0.204\Microsoft.VisualStudio.TestPlatform.Fakes.dll', returning.
TpTrace Information: 0 : 19644, 1, 2025/05/31, 03:21:43.357, 1340605484566, vstest.console.dll, AssemblyResolver.OnResolve: Microsoft.VisualStudio.TestPlatform.Fakes: Assembly path does not exist: 'C:\Program Files\dotnet\sdk\9.0.204\Microsoft.VisualStudio.TestPlatform.Fakes.exe', returning.
TpTrace Information: 0 : 19644, 1, 2025/05/31, 03:21:43.357, 1340605484852, vstest.console.dll, AssemblyResolver.OnResolve: Microsoft.VisualStudio.TestPlatform.Fakes: Failed to load assembly.
TpTrace Information: 0 : 19644, 1, 2025/05/31, 03:21:43.357, 1340605486913, vstest.console.dll, Failed to load assembly Microsoft.VisualStudio.TestPlatform.Fakes, Version=17.0.0.0, Culture=neutral. Reason:System.IO.FileNotFoundException: Could not load file or assembly 'Microsoft.VisualStudio.TestPlatform.Fakes, Version=17.0.0.0, Culture=neutral, PublicKeyToken=null'. The system cannot find the file specified.
File name: 'Microsoft.VisualStudio.TestPlatform.Fakes, Version=17.0.0.0, Culture=neutral, PublicKeyToken=null'
   at System.Reflection.RuntimeAssembly.InternalLoad(AssemblyName assemblyName, StackCrawlMark& stackMark, AssemblyLoadContext assemblyLoadContext, RuntimeAssembly requestingAssembly, Boolean throwOnFileNotFound)
   at System.Reflection.Assembly.Load(AssemblyName assemblyRef)
   at Microsoft.VisualStudio.TestPlatform.Common.Utilities.FakesUtilities.LoadTestPlatformAssembly() in /_/src/Microsoft.TestPlatform.Common/Utilities/FakesUtilities.cs:line 273
TpTrace Verbose: 0 : 19644, 1, 2025/05/31, 03:21:43.358, 1340605496526, vstest.console.dll, TestPluginCache: Update extensions started. Skip filter = False
TpTrace Verbose: 0 : 19644, 1, 2025/05/31, 03:21:43.359, 1340605500713, vstest.console.dll, TestPluginCache: Using directories for assembly resolution 'C:\Users\steve.mckitrick\.nuget\packages\coverlet.collector\6.0.0\build\netstandard1.0'.
TpTrace Verbose: 0 : 19644, 1, 2025/05/31, 03:21:43.359, 1340605501206, vstest.console.dll, TestPluginCache: Updated the available extensions to 'C:\Users\steve.mckitrick\.nuget\packages\coverlet.collector\6.0.0\build\netstandard1.0\coverlet.collector.dll'.
TpTrace Verbose: 0 : 19644, 1, 2025/05/31, 03:21:43.368, 1340605597850, vstest.console.dll, TestPluginCache.DiscoverTestExtensions: finding test extensions in assemblies ends with: TestLogger.dll TPluginInfo: Microsoft.VisualStudio.TestPlatform.Common.ExtensionFramework.Utilities.TestLoggerPluginInformation TExtension: Microsoft.VisualStudio.TestPlatform.ObjectModel.Client.ITestLogger
TpTrace Verbose: 0 : 19644, 1, 2025/05/31, 03:21:43.369, 1340605598737, vstest.console.dll, TestPluginCache.GetExtensionPaths: Filtered extension paths: C:\Users\steve.mckitrick\.nuget\packages\coverlet.collector\6.0.0\build\netstandard1.0\coverlet.collector.dll
TpTrace Verbose: 0 : 19644, 1, 2025/05/31, 03:21:43.369, 1340605599010, vstest.console.dll, TestPluginCache.GetExtensionPaths: Added default extension paths: C:\Program Files\dotnet\sdk\9.0.204\Extensions\Microsoft.Diagnostics.NETCore.Client.dll
C:\Program Files\dotnet\sdk\9.0.204\Extensions\Microsoft.TestPlatform.Extensions.BlameDataCollector.dll
C:\Program Files\dotnet\sdk\9.0.204\Extensions\Microsoft.TestPlatform.Extensions.EventLogCollector.dll
C:\Program Files\dotnet\sdk\9.0.204\Extensions\Microsoft.TestPlatform.TestHostRuntimeProvider.dll
C:\Program Files\dotnet\sdk\9.0.204\Extensions\Microsoft.VisualStudio.TestPlatform.Extensions.Html.TestLogger.dll
C:\Program Files\dotnet\sdk\9.0.204\Extensions\Microsoft.VisualStudio.TestPlatform.Extensions.Trx.TestLogger.dll
TpTrace Verbose: 0 : 19644, 1, 2025/05/31, 03:21:43.369, 1340605599287, vstest.console.dll, TestPluginCache.GetExtensionPaths: Added unfilterableExtensionPaths: 
TpTrace Information: 0 : 19644, 1, 2025/05/31, 03:21:43.369, 1340605600041, vstest.console.dll, AssemblyResolver.AddSearchDirectories: Adding more searchDirectories C:\Users\steve.mckitrick\.nuget\packages\coverlet.collector\6.0.0\build\netstandard1.0,C:\Program Files\dotnet\sdk\9.0.204\Extensions,C:\Program Files\dotnet\sdk\9.0.204
TpTrace Verbose: 0 : 19644, 1, 2025/05/31, 03:21:43.369, 1340605600407, vstest.console.dll, TestPluginCache.DiscoverTestExtensions: Discovering the extensions using extension path.
TpTrace Verbose: 0 : 19644, 1, 2025/05/31, 03:21:43.369, 1340605600790, vstest.console.dll, TestPluginCache.GetExtensionPaths: Filtered extension paths: 
TpTrace Verbose: 0 : 19644, 1, 2025/05/31, 03:21:43.369, 1340605601428, vstest.console.dll, TestPluginCache.GetExtensionPaths: Added default extension paths: C:\Program Files\dotnet\sdk\9.0.204\Extensions\Microsoft.Diagnostics.NETCore.Client.dll
C:\Program Files\dotnet\sdk\9.0.204\Extensions\Microsoft.TestPlatform.Extensions.BlameDataCollector.dll
C:\Program Files\dotnet\sdk\9.0.204\Extensions\Microsoft.TestPlatform.Extensions.EventLogCollector.dll
C:\Program Files\dotnet\sdk\9.0.204\Extensions\Microsoft.TestPlatform.TestHostRuntimeProvider.dll
C:\Program Files\dotnet\sdk\9.0.204\Extensions\Microsoft.VisualStudio.TestPlatform.Extensions.Html.TestLogger.dll
C:\Program Files\dotnet\sdk\9.0.204\Extensions\Microsoft.VisualStudio.TestPlatform.Extensions.Trx.TestLogger.dll
TpTrace Verbose: 0 : 19644, 1, 2025/05/31, 03:21:43.369, 1340605601714, vstest.console.dll, TestPluginCache.GetExtensionPaths: Added unfilterableExtensionPaths: 
TpTrace Verbose: 0 : 19644, 1, 2025/05/31, 03:21:43.369, 1340605601998, vstest.console.dll, TestPluginCache.DiscoverTestExtensions: Discovering the extensions using allExtensionPaths: C:\Program Files\dotnet\sdk\9.0.204\Extensions\Microsoft.Diagnostics.NETCore.Client.dll
C:\Program Files\dotnet\sdk\9.0.204\Extensions\Microsoft.TestPlatform.Extensions.BlameDataCollector.dll
C:\Program Files\dotnet\sdk\9.0.204\Extensions\Microsoft.TestPlatform.Extensions.EventLogCollector.dll
C:\Program Files\dotnet\sdk\9.0.204\Extensions\Microsoft.TestPlatform.TestHostRuntimeProvider.dll
C:\Program Files\dotnet\sdk\9.0.204\Extensions\Microsoft.VisualStudio.TestPlatform.Extensions.Html.TestLogger.dll
C:\Program Files\dotnet\sdk\9.0.204\Extensions\Microsoft.VisualStudio.TestPlatform.Extensions.Trx.TestLogger.dll
TpTrace Information: 0 : 19644, 1, 2025/05/31, 03:21:43.369, 1340605602315, vstest.console.dll, AssemblyResolver.AddSearchDirectories: Adding more searchDirectories C:\Program Files\dotnet\sdk\9.0.204\Extensions,C:\Program Files\dotnet\sdk\9.0.204
TpTrace Information: 0 : 19644, 1, 2025/05/31, 03:21:43.369, 1340605602601, vstest.console.dll, AssemblyResolver.AddSearchDirectories: Adding more searchDirectories C:\Program Files\dotnet\sdk\9.0.204\Extensions,C:\Program Files\dotnet\sdk\9.0.204
TpTrace Information: 0 : 19644, 1, 2025/05/31, 03:21:43.369, 1340605602812, vstest.console.dll, AssemblyResolver.AddSearchDirectories: Adding more searchDirectories C:\Program Files\dotnet\sdk\9.0.204\Extensions,C:\Program Files\dotnet\sdk\9.0.204
TpTrace Information: 0 : 19644, 1, 2025/05/31, 03:21:43.369, 1340605603014, vstest.console.dll, AssemblyResolver.AddSearchDirectories: Adding more searchDirectories C:\Program Files\dotnet\sdk\9.0.204\Extensions,C:\Program Files\dotnet\sdk\9.0.204
TpTrace Information: 0 : 19644, 1, 2025/05/31, 03:21:43.369, 1340605603252, vstest.console.dll, AssemblyResolver.AddSearchDirectories: Adding more searchDirectories C:\Program Files\dotnet\sdk\9.0.204\Extensions,C:\Program Files\dotnet\sdk\9.0.204
TpTrace Information: 0 : 19644, 1, 2025/05/31, 03:21:43.369, 1340605603452, vstest.console.dll, AssemblyResolver.AddSearchDirectories: Adding more searchDirectories C:\Program Files\dotnet\sdk\9.0.204\Extensions,C:\Program Files\dotnet\sdk\9.0.204
TpTrace Verbose: 0 : 19644, 1, 2025/05/31, 03:21:43.369, 1340605604228, vstest.console.dll, MetadataReaderExtensionsHelper: Discovering extensions inside assembly 'Microsoft.Diagnostics.NETCore.Client, Version=0.2.11.6601, Culture=neutral, PublicKeyToken=31bf3856ad364e35' file path 'C:\Program Files\dotnet\sdk\9.0.204\Extensions\Microsoft.Diagnostics.NETCore.Client.dll'
TpTrace Information: 0 : 19644, 1, 2025/05/31, 03:21:43.370, 1340605613426, vstest.console.dll, AssemblyResolver.OnResolve: Microsoft.Bcl.AsyncInterfaces: Resolving assembly.
TpTrace Information: 0 : 19644, 1, 2025/05/31, 03:21:43.370, 1340605613914, vstest.console.dll, AssemblyResolver.OnResolve: Microsoft.Bcl.AsyncInterfaces: Resolved from cache.
TpTrace Verbose: 0 : 19644, 1, 2025/05/31, 03:21:43.370, 1340605614158, vstest.console.dll, CurrentDomainAssemblyResolve: Resolving assembly 'Microsoft.Bcl.AsyncInterfaces'.
TpTrace Information: 0 : 19644, 1, 2025/05/31, 03:21:43.370, 1340605615962, vstest.console.dll, AssemblyResolver.OnResolve: Microsoft.Bcl.AsyncInterfaces: Resolving assembly.
TpTrace Information: 0 : 19644, 1, 2025/05/31, 03:21:43.370, 1340605616415, vstest.console.dll, AssemblyResolver.OnResolve: Microsoft.Bcl.AsyncInterfaces: Resolved from cache.
TpTrace Verbose: 0 : 19644, 1, 2025/05/31, 03:21:43.370, 1340605616691, vstest.console.dll, CurrentDomainAssemblyResolve: Resolving assembly 'Microsoft.Bcl.AsyncInterfaces'.
TpTrace Verbose: 0 : 19644, 1, 2025/05/31, 03:21:43.370, 1340605617455, vstest.console.dll, CurrentDomainAssemblyResolve: Failed to resolve assembly 'Microsoft.Bcl.AsyncInterfaces'.
TpTrace Verbose: 0 : 19644, 1, 2025/05/31, 03:21:43.371, 1340605619018, vstest.console.dll, CurrentDomainAssemblyResolve: Failed to resolve assembly 'Microsoft.Bcl.AsyncInterfaces'.
TpTrace Warning: 0 : 19644, 1, 2025/05/31, 03:21:43.371, 1340605621793, vstest.console.dll, TestPluginDiscoverer: Failed to get types from assembly 'Microsoft.Diagnostics.NETCore.Client, Version=0.2.11.6601, Culture=neutral, PublicKeyToken=31bf3856ad364e35'. Error: System.Reflection.ReflectionTypeLoadException: Unable to load one or more of the requested types.
Could not load file or assembly 'Microsoft.Bcl.AsyncInterfaces, Version=6.0.0.0, Culture=neutral, PublicKeyToken=cc7b13ffcd2ddd51'. The system cannot find the file specified.
   at System.Reflection.RuntimeModule.GetDefinedTypes()
   at System.Reflection.RuntimeModule.GetTypes()
   at Microsoft.VisualStudio.TestPlatform.Common.ExtensionFramework.TestPluginDiscoverer.GetTestExtensionsFromAssembly[TPluginInfo,TExtension](Assembly assembly, Dictionary`2 pluginInfos, String filePath) in /_/src/Microsoft.TestPlatform.Common/ExtensionFramework/TestPluginDiscoverer.cs:line 159
System.IO.FileNotFoundException: Could not load file or assembly 'Microsoft.Bcl.AsyncInterfaces, Version=6.0.0.0, Culture=neutral, PublicKeyToken=cc7b13ffcd2ddd51'. The system cannot find the file specified.
File name: 'Microsoft.Bcl.AsyncInterfaces, Version=6.0.0.0, Culture=neutral, PublicKeyToken=cc7b13ffcd2ddd51'
 ---> System.IO.FileNotFoundException: Could not load file or assembly 'Microsoft.Bcl.AsyncInterfaces, Culture=neutral, PublicKeyToken=null'. The system cannot find the file specified.
File name: 'Microsoft.Bcl.AsyncInterfaces, Culture=neutral, PublicKeyToken=null'
   at System.Reflection.RuntimeAssembly.InternalLoad(AssemblyName assemblyName, StackCrawlMark& stackMark, AssemblyLoadContext assemblyLoadContext, RuntimeAssembly requestingAssembly, Boolean throwOnFileNotFound)
   at System.Reflection.Assembly.Load(AssemblyName assemblyRef)
   at Microsoft.VisualStudio.TestPlatform.Common.ExtensionFramework.TestPluginCache.CurrentDomainAssemblyResolve(Object sender, AssemblyResolveEventArgs args) in /_/src/Microsoft.TestPlatform.Common/ExtensionFramework/TestPluginCache.cs:line 514
   at System.Runtime.Loader.AssemblyLoadContext.GetFirstResolvedAssemblyFromResolvingEvent(AssemblyName assemblyName)
   at System.Runtime.Loader.AssemblyLoadContext.ResolveUsingEvent(AssemblyName assemblyName)
   at System.Runtime.Loader.AssemblyLoadContext.ResolveUsingResolvingEvent(IntPtr gchManagedAssemblyLoadContext, AssemblyName assemblyName)
TpTrace Warning: 0 : 19644, 1, 2025/05/31, 03:21:43.371, 1340605622985, vstest.console.dll, LoaderExceptions: System.IO.FileNotFoundException: Could not load file or assembly 'Microsoft.Bcl.AsyncInterfaces, Version=6.0.0.0, Culture=neutral, PublicKeyToken=cc7b13ffcd2ddd51'. The system cannot find the file specified.
File name: 'Microsoft.Bcl.AsyncInterfaces, Version=6.0.0.0, Culture=neutral, PublicKeyToken=cc7b13ffcd2ddd51'
 ---> System.IO.FileNotFoundException: Could not load file or assembly 'Microsoft.Bcl.AsyncInterfaces, Culture=neutral, PublicKeyToken=null'. The system cannot find the file specified.
File name: 'Microsoft.Bcl.AsyncInterfaces, Culture=neutral, PublicKeyToken=null'
   at System.Reflection.RuntimeAssembly.InternalLoad(AssemblyName assemblyName, StackCrawlMark& stackMark, AssemblyLoadContext assemblyLoadContext, RuntimeAssembly requestingAssembly, Boolean throwOnFileNotFound)
   at System.Reflection.Assembly.Load(AssemblyName assemblyRef)
   at Microsoft.VisualStudio.TestPlatform.Common.ExtensionFramework.TestPluginCache.CurrentDomainAssemblyResolve(Object sender, AssemblyResolveEventArgs args) in /_/src/Microsoft.TestPlatform.Common/ExtensionFramework/TestPluginCache.cs:line 514
   at System.Runtime.Loader.AssemblyLoadContext.GetFirstResolvedAssemblyFromResolvingEvent(AssemblyName assemblyName)
   at System.Runtime.Loader.AssemblyLoadContext.ResolveUsingEvent(AssemblyName assemblyName)
   at System.Runtime.Loader.AssemblyLoadContext.ResolveUsingResolvingEvent(IntPtr gchManagedAssemblyLoadContext, AssemblyName assemblyName)
TpTrace Verbose: 0 : 19644, 1, 2025/05/31, 03:21:43.371, 1340605623958, vstest.console.dll, MetadataReaderExtensionsHelper: Discovering extensions inside assembly 'Microsoft.TestPlatform.Extensions.BlameDataCollector, Version=15.0.0.0, Culture=neutral, PublicKeyToken=b03f5f7f11d50a3a' file path 'C:\Program Files\dotnet\sdk\9.0.204\Extensions\Microsoft.TestPlatform.Extensions.BlameDataCollector.dll'
TpTrace Information: 0 : 19644, 1, 2025/05/31, 03:21:43.372, 1340605633564, vstest.console.dll, GetTestExtensionFromType: Register extension with identifier data 'logger://Microsoft/TestPlatform/Extensions/Blame/v1' and type 'Microsoft.TestPlatform.Extensions.BlameDataCollector.BlameLogger, Microsoft.TestPlatform.Extensions.BlameDataCollector, Version=15.0.0.0, Culture=neutral, PublicKeyToken=b03f5f7f11d50a3a' inside file 'C:\Program Files\dotnet\sdk\9.0.204\Extensions\Microsoft.TestPlatform.Extensions.BlameDataCollector.dll'
TpTrace Verbose: 0 : 19644, 1, 2025/05/31, 03:21:43.372, 1340605634155, vstest.console.dll, MetadataReaderExtensionsHelper: Discovering extensions inside assembly 'Microsoft.TestPlatform.Extensions.EventLogCollector, Version=15.0.0.0, Culture=neutral, PublicKeyToken=b03f5f7f11d50a3a' file path 'C:\Program Files\dotnet\sdk\9.0.204\Extensions\Microsoft.TestPlatform.Extensions.EventLogCollector.dll'
TpTrace Verbose: 0 : 19644, 1, 2025/05/31, 03:21:43.373, 1340605639721, vstest.console.dll, MetadataReaderExtensionsHelper: Discovering extensions inside assembly 'Microsoft.TestPlatform.TestHostRuntimeProvider, Version=15.0.0.0, Culture=neutral, PublicKeyToken=b03f5f7f11d50a3a' file path 'C:\Program Files\dotnet\sdk\9.0.204\Extensions\Microsoft.TestPlatform.TestHostRuntimeProvider.dll'
TpTrace Verbose: 0 : 19644, 1, 2025/05/31, 03:21:43.373, 1340605647185, vstest.console.dll, MetadataReaderExtensionsHelper: Discovering extensions inside assembly 'Microsoft.VisualStudio.TestPlatform.Extensions.Html.TestLogger, Version=15.0.0.0, Culture=neutral, PublicKeyToken=b03f5f7f11d50a3a' file path 'C:\Program Files\dotnet\sdk\9.0.204\Extensions\Microsoft.VisualStudio.TestPlatform.Extensions.Html.TestLogger.dll'
TpTrace Information: 0 : 19644, 1, 2025/05/31, 03:21:43.374, 1340605656939, vstest.console.dll, GetTestExtensionFromType: Register extension with identifier data 'logger://Microsoft/TestPlatform/HtmlLogger/v1' and type 'Microsoft.VisualStudio.TestPlatform.Extensions.HtmlLogger.HtmlLogger, Microsoft.VisualStudio.TestPlatform.Extensions.Html.TestLogger, Version=15.0.0.0, Culture=neutral, PublicKeyToken=b03f5f7f11d50a3a' inside file 'C:\Program Files\dotnet\sdk\9.0.204\Extensions\Microsoft.VisualStudio.TestPlatform.Extensions.Html.TestLogger.dll'
TpTrace Verbose: 0 : 19644, 1, 2025/05/31, 03:21:43.374, 1340605657786, vstest.console.dll, MetadataReaderExtensionsHelper: Discovering extensions inside assembly 'Microsoft.VisualStudio.TestPlatform.Extensions.Trx.TestLogger, Version=15.0.0.0, Culture=neutral, PublicKeyToken=b03f5f7f11d50a3a' file path 'C:\Program Files\dotnet\sdk\9.0.204\Extensions\Microsoft.VisualStudio.TestPlatform.Extensions.Trx.TestLogger.dll'
TpTrace Information: 0 : 19644, 1, 2025/05/31, 03:21:43.375, 1340605664933, vstest.console.dll, GetTestExtensionFromType: Register extension with identifier data 'logger://Microsoft/TestPlatform/TrxLogger/v1' and type 'Microsoft.VisualStudio.TestPlatform.Extensions.TrxLogger.TrxLogger, Microsoft.VisualStudio.TestPlatform.Extensions.Trx.TestLogger, Version=15.0.0.0, Culture=neutral, PublicKeyToken=b03f5f7f11d50a3a' inside file 'C:\Program Files\dotnet\sdk\9.0.204\Extensions\Microsoft.VisualStudio.TestPlatform.Extensions.Trx.TestLogger.dll'
TpTrace Verbose: 0 : 19644, 1, 2025/05/31, 03:21:43.375, 1340605666081, vstest.console.dll, TestPluginCache: Discovered the extensions using extension path 'C:\Users\steve.mckitrick\.nuget\packages\coverlet.collector\6.0.0\build\netstandard1.0\coverlet.collector.dll'.
TpTrace Verbose: 0 : 19644, 1, 2025/05/31, 03:21:43.375, 1340605666399, vstest.console.dll, TestPluginCache: Discoverers are ''.
TpTrace Verbose: 0 : 19644, 1, 2025/05/31, 03:21:43.375, 1340605666609, vstest.console.dll, TestPluginCache: Executors are ''.
TpTrace Verbose: 0 : 19644, 1, 2025/05/31, 03:21:43.375, 1340605666789, vstest.console.dll, TestPluginCache: Executors2 are ''.
TpTrace Verbose: 0 : 19644, 1, 2025/05/31, 03:21:43.375, 1340605666967, vstest.console.dll, TestPluginCache: Setting providers are ''.
TpTrace Verbose: 0 : 19644, 1, 2025/05/31, 03:21:43.375, 1340605667579, vstest.console.dll, TestPluginCache: Loggers are 'logger://Microsoft/TestPlatform/Extensions/Blame/v1,logger://Microsoft/TestPlatform/HtmlLogger/v1,logger://Microsoft/TestPlatform/TrxLogger/v1'.
TpTrace Verbose: 0 : 19644, 1, 2025/05/31, 03:21:43.375, 1340605667929, vstest.console.dll, TestPluginCache: TestHosts are 'HostProvider://DefaultTestHost,HostProvider://DotnetTestHost'.
TpTrace Verbose: 0 : 19644, 1, 2025/05/31, 03:21:43.375, 1340605668141, vstest.console.dll, TestPluginCache: DataCollectors are ''.
TpTrace Information: 0 : 19644, 1, 2025/05/31, 03:21:43.376, 1340605675187, vstest.console.dll, TestPluginManager.CreateTestExtension: Attempting to load test extension: Microsoft.TestPlatform.Extensions.BlameDataCollector.BlameLogger
TpTrace Verbose: 0 : 19644, 1, 2025/05/31, 03:21:43.377, 1340605681120, vstest.console.dll, TestEngine: Initializing Parallel Execution as MaxCpuCount is set to: 1
TpTrace Information: 0 : 19644, 1, 2025/05/31, 03:21:43.378, 1340605690267, vstest.console.dll, TestPluginManager.CreateTestExtension: Attempting to load test extension: Microsoft.VisualStudio.TestPlatform.CrossPlatEngine.Hosting.DefaultTestHostManager
TpTrace Information: 0 : 19644, 1, 2025/05/31, 03:21:43.379, 1340605705890, vstest.console.dll, TestPluginManager.CreateTestExtension: Attempting to load test extension: Microsoft.VisualStudio.TestPlatform.CrossPlatEngine.Hosting.DotnetTestHostManager
TpTrace Verbose: 0 : 19644, 1, 2025/05/31, 03:21:43.379, 1340605707596, vstest.console.dll, TestHostManagerCallbacks.ctor: Forwarding output is enabled.
TpTrace Information: 0 : 19644, 1, 2025/05/31, 03:21:43.380, 1340605710432, vstest.console.dll, InferRunSettingsHelper.IsTestSettingsEnabled: Unable to navigate to RunSettings/MSTest. Current node: RunSettings
TpTrace Verbose: 0 : 19644, 1, 2025/05/31, 03:21:43.381, 1340605720992, vstest.console.dll, ParallelOperationManager.ClearSlots: Clearing all slots. Slots should accept more work: True
TpTrace Verbose: 0 : 19644, 1, 2025/05/31, 03:21:43.381, 1340605724683, vstest.console.dll, ParallelOperationManager.SetOccupiedSlotCount: Setting slot counts AvailableSlotCount = 1, OccupiedSlotCount = 0.
TpTrace Verbose: 0 : 19644, 1, 2025/05/31, 03:21:43.381, 1340605727547, vstest.console.dll, Occupied slots:

TpTrace Verbose: 0 : 19644, 1, 2025/05/31, 03:21:43.384, 1340605750257, vstest.console.dll, TestEngine.GetExecutionManager: Chosen execution manager 'Microsoft.VisualStudio.TestPlatform.CrossPlatEngine.Client.Parallel.ParallelProxyExecutionManager, Microsoft.TestPlatform.CrossPlatEngine, Version=15.0.0.0, Culture=neutral, PublicKeyToken=b03f5f7f11d50a3a' ParallelLevel '1'.
TpTrace Verbose: 0 : 19644, 1, 2025/05/31, 03:21:43.384, 1340605751407, vstest.console.dll, TestPlatform.GetSkipDefaultAdapters: Not skipping default adapters SkipDefaultAdapters was false.
TpTrace Verbose: 0 : 19644, 1, 2025/05/31, 03:21:43.384, 1340605752137, vstest.console.dll, TestRunRequest.ExecuteAsync: Creating test run request.
TpTrace Verbose: 0 : 19644, 1, 2025/05/31, 03:21:43.384, 1340605753786, vstest.console.dll, TestRunRequest.ExecuteAsync: Starting.
TpTrace Information: 0 : 19644, 1, 2025/05/31, 03:21:43.385, 1340605761250, vstest.console.dll, TestRunRequest.ExecuteAsync: Starting run with settings:TestRunCriteria:
   KeepAlive=False,FrequencyOfRunStatsChangeEvent=10,RunStatsChangeEventTimeout=00:00:01.5000000,TestCaseFilter=,TestExecutorLauncher=
   Settingsxml=<RunSettings>
  <RunConfiguration>
    <ResultsDirectory>C:\Users\steve.mckitrick\Desktop\BusBus\BusBus.Tests\TestResults</ResultsDirectory>
    <TargetPlatform>X64</TargetPlatform>
    <TargetFrameworkVersion>.NETCoreApp,Version=v8.0</TargetFrameworkVersion>
    <TestAdaptersPaths>C:\Users\steve.mckitrick\.nuget\packages\coverlet.collector\6.0.0\build\netstandard1.0\</TestAdaptersPaths>
    <DesignMode>False</DesignMode>
    <CollectSourceInformation>False</CollectSourceInformation>
  </RunConfiguration>
  <LoggerRunSettings>
    <Loggers>
      <Logger friendlyName="console" assemblyQualifiedName="Microsoft.VisualStudio.TestPlatform.CommandLine.Internal.ConsoleLogger, vstest.console, Version=15.0.0.0, Culture=neutral, PublicKeyToken=b03f5f7f11d50a3a" codeBase="C:\Program Files\dotnet\sdk\9.0.204\vstest.console.dll" enabled="True">
        <Configuration>
          <verbosity>normal</verbosity>
        </Configuration>
      </Logger>
      <Logger friendlyName="Microsoft.TestPlatform.MSBuildLogger" assemblyQualifiedName="Microsoft.VisualStudio.TestPlatform.CommandLine.Internal.MSBuildLogger, vstest.console, Version=15.0.0.0, Culture=neutral, PublicKeyToken=b03f5f7f11d50a3a" codeBase="C:\Program Files\dotnet\sdk\9.0.204\vstest.console.dll" enabled="True">
        <Configuration>
          <Verbosity>minimal</Verbosity>
        </Configuration>
      </Logger>
      <Logger friendlyName="blame" enabled="True" />
    </Loggers>
  </LoggerRunSettings>
  <DataCollectionRunSettings>
    <DataCollectors>
      <DataCollector friendlyName="blame" enabled="True">
        <Configuration>
          <ResultsDirectory>C:\Users\steve.mckitrick\Desktop\BusBus\BusBus.Tests\TestResults</ResultsDirectory>
        </Configuration>
      </DataCollector>
    </DataCollectors>
  </DataCollectionRunSettings>
</RunSettings>

TpTrace Verbose: 0 : 19644, 1, 2025/05/31, 03:21:43.385, 1340605761736, vstest.console.dll, TestRunRequest.ExecuteAsync: Wait for the first run request is over.
TpTrace Verbose: 0 : 19644, 1, 2025/05/31, 03:21:43.385, 1340605763638, vstest.console.dll, MulticastDelegateUtilities.SafeInvoke: TestRun.TestRunStart: Invoking callbacks was skipped because there are no subscribers.
TpTrace Verbose: 0 : 19644, 4, 2025/05/31, 03:21:43.385, 1340605765354, vstest.console.dll, MulticastDelegateUtilities.SafeInvoke: InternalTestLoggerEvents.SendTestRunStart: Invoking callback 1/1 for Microsoft.VisualStudio.TestPlatform.CommandLine.Internal.ConsoleLogger., took 0 ms.
TpTrace Verbose: 0 : 19644, 1, 2025/05/31, 03:21:43.386, 1340605770724, vstest.console.dll, ParallelProxyExecutionManager: Start execution. Total sources: 1
TpTrace Verbose: 0 : 19644, 1, 2025/05/31, 03:21:43.386, 1340605773061, vstest.console.dll, ParallelOperationManager.StartWork: Starting adding 1 workloads.
TpTrace Verbose: 0 : 19644, 1, 2025/05/31, 03:21:43.386, 1340605773663, vstest.console.dll, ParallelOperationManager.ClearSlots: Clearing all slots. Slots should accept more work: True
TpTrace Verbose: 0 : 19644, 1, 2025/05/31, 03:21:43.386, 1340605774175, vstest.console.dll, ParallelOperationManager.SetOccupiedSlotCount: Setting slot counts AvailableSlotCount = 1, OccupiedSlotCount = 0.
TpTrace Verbose: 0 : 19644, 1, 2025/05/31, 03:21:43.386, 1340605774447, vstest.console.dll, Occupied slots:

TpTrace Verbose: 0 : 19644, 1, 2025/05/31, 03:21:43.387, 1340605783551, vstest.console.dll, TestHostManagerCallbacks.ctor: Forwarding output is enabled.
TpTrace Verbose: 0 : 19644, 1, 2025/05/31, 03:21:43.387, 1340605785713, vstest.console.dll, TestRequestSender is acting as server.
TpTrace Verbose: 0 : 19644, 1, 2025/05/31, 03:21:43.389, 1340605801379, vstest.console.dll, ParallelOperationManager.RunWorkInParallel: Adding 1 workload to slot, remaining workloads 0.
TpTrace Verbose: 0 : 19644, 1, 2025/05/31, 03:21:43.389, 1340605801984, vstest.console.dll, ParallelOperationManager.SetOccupiedSlotCount: Setting slot counts AvailableSlotCount = 0, OccupiedSlotCount = 1.
TpTrace Verbose: 0 : 19644, 1, 2025/05/31, 03:21:43.389, 1340605802737, vstest.console.dll, Occupied slots:
0: C:\Users\steve.mckitrick\Desktop\BusBus\BusBus.Tests\bin\Debug\net8.0-windows\BusBus.Tests.dll
TpTrace Verbose: 0 : 19644, 1, 2025/05/31, 03:21:43.390, 1340605813965, vstest.console.dll, ParallelOperationManager.RunWorkInParallel: Started host in slot number 0 for work (source): C:\Users\steve.mckitrick\Desktop\BusBus\BusBus.Tests\bin\Debug\net8.0-windows\BusBus.Tests.dll.
TpTrace Verbose: 0 : 19644, 5, 2025/05/31, 03:21:43.391, 1340605821444, vstest.console.dll, ParallelProxyExecutionManager.StartTestRunOnConcurrentManager: Initializing uninitialized client. Started clients: 0
TpTrace Verbose: 0 : 19644, 1, 2025/05/31, 03:21:43.391, 1340605821538, vstest.console.dll, ParallelOperationManager.RunWorkInParallel: We started 1 work items, which is the max parallel level. Won't start more work.
TpTrace Verbose: 0 : 19644, 1, 2025/05/31, 03:21:43.391, 1340605822589, vstest.console.dll, ParallelOperationManager.RunWorkInParallel: We started 1 work items in here, returning True.
TpTrace Information: 0 : 19644, 1, 2025/05/31, 03:21:43.391, 1340605822882, vstest.console.dll, TestRunRequest.ExecuteAsync: Started.
TpTrace Verbose: 0 : 19644, 5, 2025/05/31, 03:21:43.391, 1340605822928, vstest.console.dll, DataCollectionRequestSender.InitializeCommunication : Initialize communication. 
TpTrace Verbose: 0 : 19644, 1, 2025/05/31, 03:21:43.391, 1340605826711, vstest.console.dll, TestRunRequest.WaitForCompletion: Waiting with timeout -1.
TpTrace Information: 0 : 19644, 5, 2025/05/31, 03:21:43.399, 1340605905449, vstest.console.dll, Listening on Endpoint : 127.0.0.1:53406
TpTrace Verbose: 0 : 19644, 5, 2025/05/31, 03:21:43.407, 1340605981131, vstest.console.dll, DotnetDataCollectionLauncher: Adding  --runtimeconfig "C:\Program Files\dotnet\sdk\9.0.204\datacollector.runtimeconfig.json" in args
TpTrace Verbose: 0 : 19644, 5, 2025/05/31, 03:21:43.407, 1340605984920, vstest.console.dll, DotnetDataCollectionLauncher: Adding  --depsfile "C:\Program Files\dotnet\sdk\9.0.204\datacollector.deps.json" in args
TpTrace Verbose: 0 : 19644, 5, 2025/05/31, 03:21:43.408, 1340605994986, vstest.console.dll, DotnetDataCollectionLauncher: Full path of dotnet.exe is C:\Program Files\dotnet\dotnet.exe
TpTrace Information: 0 : 19644, 5, 2025/05/31, 03:21:43.417, 1340606083123, vstest.console.dll, ProxyDataCollectionManager.Initialize: Launched datacollector processId: 28668 port: 53406
TpTrace Information: 0 : 19644, 5, 2025/05/31, 03:21:43.417, 1340606084135, vstest.console.dll, ProxyDataCollectionManager.Initialize: waiting for connection with timeout: 90 seconds
TpTrace Verbose: 0 : 19644, 5, 2025/05/31, 03:21:43.417, 1340606084518, vstest.console.dll, DataCollectionRequestSender.WaitForRequestHandlerConnection : Waiting for connection with timeout: 90000
TpTrace Information: 0 : 19644, 9, 2025/05/31, 03:21:43.610, 1340608010897, vstest.console.dll, Using the buffer size of 16384 bytes
TpTrace Verbose: 0 : 19644, 5, 2025/05/31, 03:21:43.610, 1340608010896, vstest.console.dll, SocketCommunicationManager.WaitForClientConnection took: 192 ms, with 90000 ms timeout, and finished with True.
TpTrace Information: 0 : 19644, 9, 2025/05/31, 03:21:43.610, 1340608012012, vstest.console.dll, Accepted Client request and set the flag
TpTrace Verbose: 0 : 19644, 5, 2025/05/31, 03:21:43.610, 1340608012867, vstest.console.dll, ProxyDataCollectionManager.InvokeDataCollectionServiceAction: Starting.
TpTrace Information: 0 : 19644, 5, 2025/05/31, 03:21:43.610, 1340608013491, vstest.console.dll, ProxyDataCollectionManager.BeforeTestRunStart: Get environment variable and port for datacollector processId: 28668 port: 53406
TpTrace Verbose: 0 : 19644, 5, 2025/05/31, 03:21:43.610, 1340608014771, vstest.console.dll, DataCollectionRequestSender.SendBeforeTestRunStartAndGetResult: Send BeforeTestRunStart message with settingsXml <RunSettings><RunConfiguration><ResultsDirectory>C:\Users\steve.mckitrick\Desktop\BusBus\BusBus.Tests\TestResults</ResultsDirectory><TargetPlatform>X64</TargetPlatform><TargetFrameworkVersion>.NETCoreApp,Version=v8.0</TargetFrameworkVersion><TestAdaptersPaths>C:\Users\steve.mckitrick\.nuget\packages\coverlet.collector\6.0.0\build\netstandard1.0\;C:\Program Files\dotnet\sdk\9.0.204\Extensions</TestAdaptersPaths><DesignMode>False</DesignMode><CollectSourceInformation>False</CollectSourceInformation></RunConfiguration><LoggerRunSettings><Loggers><Logger friendlyName="console" assemblyQualifiedName="Microsoft.VisualStudio.TestPlatform.CommandLine.Internal.ConsoleLogger, vstest.console, Version=15.0.0.0, Culture=neutral, PublicKeyToken=b03f5f7f11d50a3a" codeBase="C:\Program Files\dotnet\sdk\9.0.204\vstest.console.dll" enabled="True"><Configuration><verbosity>normal</verbosity></Configuration></Logger><Logger friendlyName="Microsoft.TestPlatform.MSBuildLogger" assemblyQualifiedName="Microsoft.VisualStudio.TestPlatform.CommandLine.Internal.MSBuildLogger, vstest.console, Version=15.0.0.0, Culture=neutral, PublicKeyToken=b03f5f7f11d50a3a" codeBase="C:\Program Files\dotnet\sdk\9.0.204\vstest.console.dll" enabled="True"><Configuration><Verbosity>minimal</Verbosity></Configuration></Logger><Logger friendlyName="blame" enabled="True" /></Loggers></LoggerRunSettings><DataCollectionRunSettings><DataCollectors><DataCollector friendlyName="blame" enabled="True"><Configuration><ResultsDirectory>C:\Users\steve.mckitrick\Desktop\BusBus\BusBus.Tests\TestResults</ResultsDirectory></Configuration></DataCollector></DataCollectors></DataCollectionRunSettings></RunSettings> and sources System.Collections.Generic.List`1[System.String]: 
TpTrace Verbose: 0 : 19644, 5, 2025/05/31, 03:21:43.670, 1340608609589, vstest.console.dll, DataCollectionRequestSender.SendBeforeTestRunStartAndGetResult: Received message: (DataCollection.SendMessage) -> {"MessageType":"DataCollection.SendMessage","Payload":{"FriendlyName":null,"Uri":null,"TestCaseId":"00000000-0000-0000-0000-000000000000","Message":"Logging DataCollector Diagnostics in file: C:\\Users\\steve.mckitrick\\Desktop\\BusBus\\BusBus.Tests\\diagnostics.datacollector.25-05-31_03-21-43_40664_5.log","Level":0}}
TpTrace Verbose: 0 : 19644, 5, 2025/05/31, 03:21:43.868, 1340610589026, vstest.console.dll, DataCollectionRequestSender.SendBeforeTestRunStartAndGetResult: Received message: (DataCollection.BeforeTestRunStartResult) -> {"MessageType":"DataCollection.BeforeTestRunStartResult","Payload":{"EnvironmentVariables":{},"DataCollectionEventsPort":53408}}
TpTrace Information: 0 : 19644, 5, 2025/05/31, 03:21:43.871, 1340610626213, vstest.console.dll, ProxyDataCollectionManager.BeforeTestRunStart: SendBeforeTestRunStartAndGetResult successful, env variable from datacollector:   and testhost port: 53408
TpTrace Information: 0 : 19644, 5, 2025/05/31, 03:21:43.871, 1340610627733, vstest.console.dll, ProxyDataCollectionManager.InvokeDataCollectionServiceAction: Completed.
TpTrace Verbose: 0 : 19644, 5, 2025/05/31, 03:21:43.871, 1340610628100, vstest.console.dll, ParallelProxyExecutionManager.StartTestRunOnConcurrentManager: Initializing test run. Started clients: 0
TpTrace Verbose: 0 : 19644, 5, 2025/05/31, 03:21:43.872, 1340610629105, vstest.console.dll, ProxyExecutionManager: Test host is always Lazy initialize.
TpTrace Verbose: 0 : 19644, 5, 2025/05/31, 03:21:43.872, 1340610631655, vstest.console.dll, TestRequestSender.InitializeCommunication: initialize communication. 
TpTrace Information: 0 : 19644, 5, 2025/05/31, 03:21:43.872, 1340610638141, vstest.console.dll, SocketServer.Start: Listening on endpoint : 127.0.0.1:53409
TpTrace Verbose: 0 : 19644, 5, 2025/05/31, 03:21:43.873, 1340610644947, vstest.console.dll, DotnetTestHostmanager.GetTestHostProcessStartInfo: Platform environment 'X64' target architecture 'X64' framework '.NETCoreApp,Version=v8.0' OS 'Windows'
TpTrace Verbose: 0 : 19644, 5, 2025/05/31, 03:21:43.873, 1340610647133, vstest.console.dll, DotnetTestHostmanager: Adding  --runtimeconfig "C:\Users\steve.mckitrick\Desktop\BusBus\BusBus.Tests\bin\Debug\net8.0-windows\BusBus.Tests.runtimeconfig.json" in args
TpTrace Verbose: 0 : 19644, 5, 2025/05/31, 03:21:43.873, 1340610647896, vstest.console.dll, DotnetTestHostmanager: Adding  --depsfile "C:\Users\steve.mckitrick\Desktop\BusBus\BusBus.Tests\bin\Debug\net8.0-windows\BusBus.Tests.deps.json" in args
TpTrace Verbose: 0 : 19644, 5, 2025/05/31, 03:21:43.874, 1340610649608, vstest.console.dll, DotnetTestHostmanager.IsWinOnArm: Current PROCESSOR_ARCHITECTURE from environment variable 'AMD64'
TpTrace Verbose: 0 : 19644, 5, 2025/05/31, 03:21:43.874, 1340610650181, vstest.console.dll, DotnetTestHostmanager.IsWinOnArm: Is Windows on ARM 'False'
TpTrace Verbose: 0 : 19644, 5, 2025/05/31, 03:21:43.874, 1340610650902, vstest.console.dll, DotnetTestHostManager: testhost.exe found at path: C:\Users\steve.mckitrick\Desktop\BusBus\BusBus.Tests\bin\Debug\net8.0-windows\testhost.exe
TpTrace Verbose: 0 : 19644, 5, 2025/05/31, 03:21:43.874, 1340610651297, vstest.console.dll, DotnetTestHostmanager: Full path of host exe is C:\Users\steve.mckitrick\Desktop\BusBus\BusBus.Tests\bin\Debug\net8.0-windows\testhost.exe
TpTrace Verbose: 0 : 19644, 5, 2025/05/31, 03:21:43.874, 1340610652279, vstest.console.dll, DotnetTestHostmanager.LaunchTestHostAsync: Found 'VSTEST_WINAPPHOST_DOTNET_ROOT' in env variables, value 'C:\Program Files\dotnet', forwarding to 'DOTNET_ROOT'
TpTrace Verbose: 0 : 19644, 5, 2025/05/31, 03:21:43.874, 1340610653557, vstest.console.dll, DotnetTestHostManager: Starting process 'C:\Users\steve.mckitrick\Desktop\BusBus\BusBus.Tests\bin\Debug\net8.0-windows\testhost.exe' with command line ' --runtimeconfig "C:\Users\steve.mckitrick\Desktop\BusBus\BusBus.Tests\bin\Debug\net8.0-windows\BusBus.Tests.runtimeconfig.json" --depsfile "C:\Users\steve.mckitrick\Desktop\BusBus\BusBus.Tests\bin\Debug\net8.0-windows\BusBus.Tests.deps.json" --port 53409 --endpoint 127.0.0.1:053409 --role client --parentprocessid 19644 --diag "C:\Users\steve.mckitrick\Desktop\BusBus\BusBus.Tests\diagnostics.host.25-05-31_03-21-43_87328_5.log" --tracelevel 4 --datacollectionport 53408 --telemetryoptedin false'
TpTrace Verbose: 0 : 19644, 5, 2025/05/31, 03:21:43.882, 1340610733082, vstest.console.dll, MulticastDelegateUtilities.SafeInvoke: HostProviderEvents.OnHostLaunched: Invoking callback 1/2 for Microsoft.VisualStudio.TestPlatform.CrossPlatEngine.Client.ProxyExecutionManagerWithDataCollection., took 0 ms.
TpTrace Verbose: 0 : 19644, 5, 2025/05/31, 03:21:43.882, 1340610735417, vstest.console.dll, Test Runtime launched
TpTrace Verbose: 0 : 19644, 5, 2025/05/31, 03:21:43.882, 1340610735979, vstest.console.dll, MulticastDelegateUtilities.SafeInvoke: HostProviderEvents.OnHostLaunched: Invoking callback 2/2 for Microsoft.VisualStudio.TestPlatform.CrossPlatEngine.Client.ProxyOperationManager., took 0 ms.
TpTrace Verbose: 0 : 19644, 5, 2025/05/31, 03:21:43.882, 1340610736922, vstest.console.dll, TestRequestSender.WaitForRequestHandlerConnection: waiting for connection with timeout: 90000.
TpTrace Verbose: 0 : 19644, 5, 2025/05/31, 03:21:44.086, 1340612770401, vstest.console.dll, TestRequestSender.WaitForRequestHandlerConnection: waiting took 203 ms, with timeout 90000 ms, and result 0, which is success.
TpTrace Verbose: 0 : 19644, 12, 2025/05/31, 03:21:44.086, 1340612770430, vstest.console.dll, MulticastDelegateUtilities.SafeInvoke: SocketServer: ClientConnected: Invoking callback 1/1 for Microsoft.VisualStudio.TestPlatform.CommunicationUtilities.TestRequestSender., took 0 ms.
TpTrace Verbose: 0 : 19644, 12, 2025/05/31, 03:21:44.086, 1340612772294, vstest.console.dll, SocketServer.OnClientConnected: Client connected for endPoint: 127.0.0.1:53409, starting MessageLoopAsync:
TpTrace Verbose: 0 : 19644, 13, 2025/05/31, 03:21:44.086, 1340612777060, vstest.console.dll, TcpClientExtensions.MessageLoopAsync: Polling on remoteEndPoint: 127.0.0.1:53410 localEndPoint: 127.0.0.1:53409 after 0 ms
TpTrace Verbose: 0 : 19644, 5, 2025/05/31, 03:21:44.087, 1340612779649, vstest.console.dll, TestRequestSender.CheckVersionWithTestHost: Sending check version message: {"MessageType":"ProtocolVersion","Payload":7}
TpTrace Verbose: 0 : 19644, 13, 2025/05/31, 03:21:44.181, 1340613721429, vstest.console.dll, TcpClientExtensions.MessageLoopAsync: NotifyDataAvailable remoteEndPoint: 127.0.0.1:53410 localEndPoint: 127.0.0.1:53409
TpTrace Verbose: 0 : 19644, 13, 2025/05/31, 03:21:44.181, 1340613723905, vstest.console.dll, TestRequestSender.CheckVersionWithTestHost: onMessageReceived received message: (ProtocolVersion) -> {"MessageType":"ProtocolVersion","Payload":7}
TpTrace Verbose: 0 : 19644, 13, 2025/05/31, 03:21:44.182, 1340613728960, vstest.console.dll, MulticastDelegateUtilities.SafeInvoke: LengthPrefixCommunicationChannel: MessageReceived: Invoking callback 1/1 for Microsoft.VisualStudio.TestPlatform.CommunicationUtilities.TestRequestSender+<>c__DisplayClass29_0., took 0 ms.
TpTrace Verbose: 0 : 19644, 13, 2025/05/31, 03:21:44.182, 1340613729735, vstest.console.dll, TcpClientExtensions.MessageLoopAsync: Polling on remoteEndPoint: 127.0.0.1:53410 localEndPoint: 127.0.0.1:53409 after 95 ms
TpTrace Verbose: 0 : 19644, 5, 2025/05/31, 03:21:44.182, 1340613730286, vstest.console.dll, TestPluginCache.GetExtensionPaths: Filtered extension paths: 
TpTrace Verbose: 0 : 19644, 5, 2025/05/31, 03:21:44.182, 1340613731094, vstest.console.dll, TestPluginCache.GetExtensionPaths: Added default extension paths: C:\Program Files\dotnet\sdk\9.0.204\Extensions\Microsoft.Diagnostics.NETCore.Client.dll
C:\Program Files\dotnet\sdk\9.0.204\Extensions\Microsoft.TestPlatform.Extensions.BlameDataCollector.dll
C:\Program Files\dotnet\sdk\9.0.204\Extensions\Microsoft.TestPlatform.Extensions.EventLogCollector.dll
C:\Program Files\dotnet\sdk\9.0.204\Extensions\Microsoft.TestPlatform.TestHostRuntimeProvider.dll
C:\Program Files\dotnet\sdk\9.0.204\Extensions\Microsoft.VisualStudio.TestPlatform.Extensions.Html.TestLogger.dll
C:\Program Files\dotnet\sdk\9.0.204\Extensions\Microsoft.VisualStudio.TestPlatform.Extensions.Trx.TestLogger.dll
TpTrace Verbose: 0 : 19644, 5, 2025/05/31, 03:21:44.182, 1340613731519, vstest.console.dll, TestPluginCache.GetExtensionPaths: Added unfilterableExtensionPaths: 
TpTrace Verbose: 0 : 19644, 5, 2025/05/31, 03:21:44.184, 1340613754339, vstest.console.dll, TestRequestSender.InitializeExecution: Sending initialize execution with message: {"Version":7,"MessageType":"TestExecution.Initialize","Payload":["C:\\Users\\steve.mckitrick\\Desktop\\BusBus\\BusBus.Tests\\bin\\Debug\\net8.0-windows\\Microsoft.VisualStudio.TestPlatform.MSTest.TestAdapter.dll"]}
TpTrace Verbose: 0 : 19644, 5, 2025/05/31, 03:21:44.184, 1340613756269, vstest.console.dll, ParallelProxyExecutionManager.StartTestRunOnConcurrentManager: Execution starting. Started clients: 1
TpTrace Verbose: 0 : 19644, 5, 2025/05/31, 03:21:44.184, 1340613758308, vstest.console.dll, TestRunRequest:SendTestRunMessage: Starting.
TpTrace Verbose: 0 : 19644, 5, 2025/05/31, 03:21:44.185, 1340613759669, vstest.console.dll, MulticastDelegateUtilities.SafeInvoke: TestRun.LogMessages: Invoking callback 1/1 for Microsoft.VisualStudio.TestPlatform.CommandLine.TestRunResultAggregator., took 0 ms.
TpTrace Information: 0 : 19644, 5, 2025/05/31, 03:21:44.185, 1340613760017, vstest.console.dll, TestRunRequest:SendTestRunMessage: Completed.
TpTrace Verbose: 0 : 19644, 4, 2025/05/31, 03:21:44.185, 1340613761614, vstest.console.dll, MulticastDelegateUtilities.SafeInvoke: InternalTestLoggerEvents.SendTestRunMessage: Invoking callback 1/2 for Microsoft.VisualStudio.TestPlatform.CommandLine.Internal.ConsoleLogger., took 0 ms.
TpTrace Verbose: 0 : 19644, 13, 2025/05/31, 03:21:44.185, 1340613762463, vstest.console.dll, TcpClientExtensions.MessageLoopAsync: NotifyDataAvailable remoteEndPoint: 127.0.0.1:53410 localEndPoint: 127.0.0.1:53409
TpTrace Warning: 0 : 19644, 5, 2025/05/31, 03:21:44.185, 1340613763301, vstest.console.dll, InferRunSettingsHelper.MakeRunsettingsCompatible: Removing the following settings: TargetPlatform from RunSettings file. To use those settings please move to latest version of Microsoft.NET.Test.Sdk
TpTrace Verbose: 0 : 19644, 4, 2025/05/31, 03:21:44.185, 1340613764215, vstest.console.dll, MulticastDelegateUtilities.SafeInvoke: InternalTestLoggerEvents.SendTestRunMessage: Invoking callback 2/2 for Microsoft.VisualStudio.TestPlatform.CommandLine.Internal.MSBuildLogger., took 0 ms.
TpTrace Verbose: 0 : 19644, 13, 2025/05/31, 03:21:44.185, 1340613768497, vstest.console.dll, TestRequestSender.OnExecutionMessageReceived: Received message: {"Version":7,"MessageType":"TestSession.Message","Payload":{"MessageLevel":0,"Message":"Logging TestHost Diagnostics in file: C:\\Users\\steve.mckitrick\\Desktop\\BusBus\\BusBus.Tests\\diagnostics.host.25-05-31_03-21-43_87328_5.log"}}
TpTrace Verbose: 0 : 19644, 13, 2025/05/31, 03:21:44.188, 1340613793628, vstest.console.dll, TestRunRequest:SendTestRunMessage: Starting.
TpTrace Verbose: 0 : 19644, 13, 2025/05/31, 03:21:44.188, 1340613795406, vstest.console.dll, MulticastDelegateUtilities.SafeInvoke: TestRun.LogMessages: Invoking callback 1/1 for Microsoft.VisualStudio.TestPlatform.CommandLine.TestRunResultAggregator., took 0 ms.
TpTrace Information: 0 : 19644, 13, 2025/05/31, 03:21:44.188, 1340613795799, vstest.console.dll, TestRunRequest:SendTestRunMessage: Completed.
TpTrace Verbose: 0 : 19644, 13, 2025/05/31, 03:21:44.188, 1340613796109, vstest.console.dll, MulticastDelegateUtilities.SafeInvoke: LengthPrefixCommunicationChannel: MessageReceived: Invoking callback 1/1 for Microsoft.VisualStudio.TestPlatform.CommunicationUtilities.TestRequestSender+<>c__DisplayClass34_0., took 2 ms.
TpTrace Verbose: 0 : 19644, 13, 2025/05/31, 03:21:44.188, 1340613796412, vstest.console.dll, TcpClientExtensions.MessageLoopAsync: Polling on remoteEndPoint: 127.0.0.1:53410 localEndPoint: 127.0.0.1:53409 after 6 ms
TpTrace Verbose: 0 : 19644, 4, 2025/05/31, 03:21:44.188, 1340613796355, vstest.console.dll, MulticastDelegateUtilities.SafeInvoke: InternalTestLoggerEvents.SendTestRunMessage: Invoking callback 1/2 for Microsoft.VisualStudio.TestPlatform.CommandLine.Internal.ConsoleLogger., took 0 ms.
TpTrace Verbose: 0 : 19644, 4, 2025/05/31, 03:21:44.188, 1340613798374, vstest.console.dll, MulticastDelegateUtilities.SafeInvoke: InternalTestLoggerEvents.SendTestRunMessage: Invoking callback 2/2 for Microsoft.VisualStudio.TestPlatform.CommandLine.Internal.MSBuildLogger., took 0 ms.
TpTrace Verbose: 0 : 19644, 5, 2025/05/31, 03:21:44.192, 1340613830123, vstest.console.dll, TestRequestSender.StartTestRun: Sending test run with message: {"Version":7,"MessageType":"TestExecution.StartWithSources","Payload":{"AdapterSourceMap":{"_none_":["C:\\Users\\steve.mckitrick\\Desktop\\BusBus\\BusBus.Tests\\bin\\Debug\\net8.0-windows\\BusBus.Tests.dll"]},"RunSettings":"<RunSettings>\r\n  <RunConfiguration>\r\n    <ResultsDirectory>C:\\Users\\steve.mckitrick\\Desktop\\BusBus\\BusBus.Tests\\TestResults</ResultsDirectory>\r\n    <TargetFrameworkVersion>.NETCoreApp,Version=v8.0</TargetFrameworkVersion>\r\n    <TestAdaptersPaths>C:\\Users\\steve.mckitrick\\.nuget\\packages\\coverlet.collector\\6.0.0\\build\\netstandard1.0\\</TestAdaptersPaths>\r\n    <DesignMode>False</DesignMode>\r\n    <CollectSourceInformation>False</CollectSourceInformation>\r\n  </RunConfiguration>\r\n  <LoggerRunSettings>\r\n    <Loggers>\r\n      <Logger friendlyName=\"console\" assemblyQualifiedName=\"Microsoft.VisualStudio.TestPlatform.CommandLine.Internal.ConsoleLogger, vstest.console, Version=15.0.0.0, Culture=neutral, PublicKeyToken=b03f5f7f11d50a3a\" codeBase=\"C:\\Program Files\\dotnet\\sdk\\9.0.204\\vstest.console.dll\" enabled=\"True\">\r\n        <Configuration>\r\n          <verbosity>normal</verbosity>\r\n        </Configuration>\r\n      </Logger>\r\n      <Logger friendlyName=\"Microsoft.TestPlatform.MSBuildLogger\" assemblyQualifiedName=\"Microsoft.VisualStudio.TestPlatform.CommandLine.Internal.MSBuildLogger, vstest.console, Version=15.0.0.0, Culture=neutral, PublicKeyToken=b03f5f7f11d50a3a\" codeBase=\"C:\\Program Files\\dotnet\\sdk\\9.0.204\\vstest.console.dll\" enabled=\"True\">\r\n        <Configuration>\r\n          <Verbosity>minimal</Verbosity>\r\n        </Configuration>\r\n      </Logger>\r\n      <Logger friendlyName=\"blame\" enabled=\"True\" />\r\n    </Loggers>\r\n  </LoggerRunSettings>\r\n  <DataCollectionRunSettings>\r\n    <DataCollectors>\r\n      <DataCollector friendlyName=\"blame\" enabled=\"True\">\r\n        <Configuration>\r\n          <ResultsDirectory>C:\\Users\\steve.mckitrick\\Desktop\\BusBus\\BusBus.Tests\\TestResults</ResultsDirectory>\r\n        </Configuration>\r\n      </DataCollector>\r\n    </DataCollectors>\r\n  </DataCollectionRunSettings>\r\n</RunSettings>","TestExecutionContext":{"FrequencyOfRunStatsChangeEvent":10,"RunStatsChangeEventTimeout":"00:00:01.5000000","InIsolation":false,"KeepAlive":false,"AreTestCaseLevelEventsRequired":false,"IsDebug":false,"TestCaseFilter":null,"FilterOptions":null},"Package":null}}
TpTrace Verbose: 0 : 19644, 5, 2025/05/31, 03:21:44.192, 1340613832975, vstest.console.dll, ParallelProxyExecutionManager.StartTestRunOnConcurrentManager: Execution started. Started clients: 1
TpTrace Verbose: 0 : 19644, 13, 2025/05/31, 03:21:45.195, 1340623860831, vstest.console.dll, TcpClientExtensions.MessageLoopAsync: Polling on remoteEndPoint: 127.0.0.1:53410 localEndPoint: 127.0.0.1:53409 after 1006 ms
TpTrace Verbose: 0 : 19644, 13, 2025/05/31, 03:21:45.779, 1340629704921, vstest.console.dll, TcpClientExtensions.MessageLoopAsync: NotifyDataAvailable remoteEndPoint: 127.0.0.1:53410 localEndPoint: 127.0.0.1:53409
TpTrace Verbose: 0 : 19644, 13, 2025/05/31, 03:21:45.780, 1340629710618, vstest.console.dll, TestRequestSender.OnExecutionMessageReceived: Received message: {"Version":7,"MessageType":"TestExecution.StatsChange","Payload":{"NewTestResults":[{"TestCase":{"Id":"cdda57a2-e548-430a-c28b-a50e8e8af9e3","FullyQualifiedName":"BusBus.Tests.Tests.Test1","DisplayName":"Test1","ExecutorUri":"executor://MSTestAdapter/v2","Source":"C:\\Users\\steve.mckitrick\\Desktop\\BusBus\\BusBus.Tests\\bin\\Debug\\net8.0-windows\\BusBus.Tests.dll","CodeFilePath":null,"LineNumber":-1,"Properties":[{"Key":{"Id":"TestObject.Traits","Label":"Traits","Category":"","Description":"","Attributes":5,"ValueType":"System.Collections.Generic.KeyValuePair`2[[System.String],[System.String]][]"},"Value":[]},{"Key":{"Id":"TestCase.ManagedMethod","Label":"ManagedMethod","Category":"","Description":"","Attributes":1,"ValueType":"System.String"},"Value":"Test1"},{"Key":{"Id":"MSTest.TestIdGenerationStrategy","Label":"TestIdGenerationStrategy","Category":"","Description":"","Attributes":1,"ValueType":"System.Int32"},"Value":2},{"Key":{"Id":"TestCase.Hierarchy","Label":"Hierarchy","Category":"","Description":"","Attributes":2,"ValueType":"System.String[]"},"Value":[null,"BusBus.Tests","Tests","Test1"]},{"Key":{"Id":"TestCase.ManagedType","Label":"ManagedType","Category":"","Description":"","Attributes":1,"ValueType":"System.String"},"Value":"BusBus.Tests.Tests"},{"Key":{"Id":"MSTestDiscoverer.TestClassName","Label":"ClassName","Category":"","Description":"","Attributes":1,"ValueType":"System.String"},"Value":"BusBus.Tests.Tests"}]},"Attachments":[],"Outcome":1,"ErrorMessage":null,"ErrorStackTrace":null,"DisplayName":"Test1","Messages":[{"Category":"StdOutMsgs","Text":"Test executed successfully\r\n"}],"ComputerName":"ST-LPTP9-23","Duration":"00:00:00.0034704","StartTime":"2025-05-31T03:21:44.3979209-06:00","EndTime":"2025-05-31T03:21:44.4194541-06:00","Properties":[{"Key":{"Id":"ParentExecId","Label":"ParentExecId","Category":"","Description":"","Attributes":1,"ValueType":"System.Guid"},"Value":"00000000-0000-0000-0000-000000000000"},{"Key":{"Id":"InnerResultsCount","Label":"InnerResultsCount","Category":"","Description":"","Attributes":1,"ValueType":"System.Int32"},"Value":0},{"Key":{"Id":"ExecutionId","Label":"ExecutionId","Category":"","Description":"","Attributes":1,"ValueType":"System.Guid"},"Value":"00000000-0000-0000-0000-000000000000"}]},{"TestCase":{"Id":"266f5214-ee09-d0e0-4232-35caf08ea3cf","FullyQualifiedName":"BusBus.Tests.UI.DashboardUIDebugTests.TestDatabaseConnection","DisplayName":"TestDatabaseConnection","ExecutorUri":"executor://MSTestAdapter/v2","Source":"C:\\Users\\steve.mckitrick\\Desktop\\BusBus\\BusBus.Tests\\bin\\Debug\\net8.0-windows\\BusBus.Tests.dll","CodeFilePath":null,"LineNumber":-1,"Properties":[{"Key":{"Id":"TestObject.Traits","Label":"Traits","Category":"","Description":"","Attributes":5,"ValueType":"System.Collections.Generic.KeyValuePair`2[[System.String],[System.String]][]"},"Value":[]},{"Key":{"Id":"TestCase.ManagedMethod","Label":"ManagedMethod","Category":"","Description":"","Attributes":1,"ValueType":"System.String"},"Value":"TestDatabaseConnection"},{"Key":{"Id":"MSTest.TestIdGenerationStrategy","Label":"TestIdGenerationStrategy","Category":"","Description":"","Attributes":1,"ValueType":"System.Int32"},"Value":2},{"Key":{"Id":"TestCase.Hierarchy","Label":"Hierarchy","Category":"","Description":"","Attributes":2,"ValueType":"System.String[]"},"Value":[null,"BusBus.Tests.UI","DashboardUIDebugTests","TestDatabaseConnection"]},{"Key":{"Id":"TestCase.ManagedType","Label":"ManagedType","Category":"","Description":"","Attributes":1,"ValueType":"System.String"},"Value":"BusBus.Tests.UI.DashboardUIDebugTests"},{"Key":{"Id":"MSTestDiscoverer.TestCategory","Label":"TestCategory","Category":"","Description":"","Attributes":5,"ValueType":"System.String[]"},"Value":["UI","Integration"]},{"Key":{"Id":"MSTestDiscoverer.TestClassName","Label":"ClassName","Category":"","Description":"","Attributes":1,"ValueType":"System.String"},"Value":"BusBus.Tests.UI.DashboardUIDebugTests"}]},"Attachments":[],"Outcome":1,"ErrorMessage":null,"ErrorStackTrace":null,"DisplayName":"TestDatabaseConnection","Messages":[{"Category":"StdOutMsgs","Text":"dbug: Microsoft.EntityFrameworkCore.Infrastructure[10401]\r\n      An 'IServiceProvider' was created for internal use by Entity Framework.\r\nwarn: Microsoft.EntityFrameworkCore.Model.Validation[10400]\r\n      Sensitive data logging is enabled. Log entries and exception messages may include sensitive application data; this mode should only be enabled during development.\r\ndbug: Microsoft.EntityFrameworkCore.Infrastructure[10403]\r\n      Entity Framework Core 8.0.11 initialized 'AppDbContext' using provider 'Microsoft.EntityFrameworkCore.SqlServer:8.0.11' with options: SensitiveDataLoggingEnabled DetailedErrorsEnabled \r\ndbug: Microsoft.EntityFrameworkCore.Database.Connection[20005]\r\n      Creating DbConnection.\r\ndbug: Microsoft.EntityFrameworkCore.Database.Connection[20006]\r\n      Created DbConnection. (11ms).\r\ndbug: Microsoft.EntityFrameworkCore.Database.Connection[20000]\r\n      Opening connection to database 'BusBusDB' on server 'localhost\\SQLEXPRESS'.\r\ndbug: Microsoft.EntityFrameworkCore.Database.Connection[20001]\r\n      Opened connection to database 'BusBusDB' on server 'localhost\\SQLEXPRESS'.\r\ndbug: Microsoft.EntityFrameworkCore.Database.Command[20103]\r\n      Creating DbCommand for 'ExecuteNonQuery'.\r\ndbug: Microsoft.EntityFrameworkCore.Database.Command[20104]\r\n      Created DbCommand for 'ExecuteNonQuery' (4ms).\r\ndbug: Microsoft.EntityFrameworkCore.Database.Command[20106]\r\n      Initialized DbCommand for 'ExecuteNonQuery' (7ms).\r\ndbug: Microsoft.EntityFrameworkCore.Database.Command[20100]\r\n      Executing DbCommand [Parameters=[], CommandType='Text', CommandTimeout='300']\r\n      SELECT 1\r\ninfo: Microsoft.EntityFrameworkCore.Database.Command[20101]\r\n      Executed DbCommand (20ms) [Parameters=[], CommandType='Text', CommandTimeout='300']\r\n      SELECT 1\r\ndbug: Microsoft.EntityFrameworkCore.Database.Connection[20002]\r\n      Closing connection to database 'BusBusDB' on server 'localhost\\SQLEXPRESS'.\r\ndbug: Microsoft.EntityFrameworkCore.Database.Connection[20003]\r\n      Closed connection to database 'BusBusDB' on server 'localhost\\SQLEXPRESS' (2ms).\r\ndbug: Microsoft.EntityFrameworkCore.Database.Command[20103]\r\n      Creating DbCommand for 'ExecuteScalar'.\r\ndbug: Microsoft.EntityFrameworkCore.Database.Command[20104]\r\n      Created DbCommand for 'ExecuteScalar' (0ms).\r\ndbug: Microsoft.EntityFrameworkCore.Database.Command[20106]\r\n      Initialized DbCommand for 'ExecuteScalar' (0ms).\r\ndbug: Microsoft.EntityFrameworkCore.Database.Connection[20000]\r\n      Opening connection to database 'BusBusDB' on server 'localhost\\SQLEXPRESS'.\r\ndbug: Microsoft.EntityFrameworkCore.Database.Connection[20001]\r\n      Opened connection to database 'BusBusDB' on server 'localhost\\SQLEXPRESS'.\r\ndbug: Microsoft.EntityFrameworkCore.Database.Command[20100]\r\n      Executing DbCommand [Parameters=[], CommandType='Text', CommandTimeout='300']\r\n      \r\n      IF EXISTS\r\n          (SELECT *\r\n           FROM [sys].[objects] o\r\n           WHERE [o].[type] = 'U'\r\n           AND [o].[is_ms_shipped] = 0\r\n           AND NOT EXISTS (SELECT *\r\n               FROM [sys].[extended_properties] AS [ep]\r\n               WHERE [ep].[major_id] = [o].[object_id]\r\n                   AND [ep].[minor_id] = 0\r\n                   AND [ep].[class] = 1\r\n                   AND [ep].[name] = N'microsoft_database_tools_support'\r\n          )\r\n      )\r\n      SELECT 1 ELSE SELECT 0\r\ninfo: Microsoft.EntityFrameworkCore.Database.Command[20101]\r\n      Executed DbCommand (45ms) [Parameters=[], CommandType='Text', CommandTimeout='300']\r\n      \r\n      IF EXISTS\r\n          (SELECT *\r\n           FROM [sys].[objects] o\r\n           WHERE [o].[type] = 'U'\r\n           AND [o].[is_ms_shipped] = 0\r\n           AND NOT EXISTS (SELECT *\r\n               FROM [sys].[extended_properties] AS [ep]\r\n               WHERE [ep].[major_id] = [o].[object_id]\r\n                   AND [ep].[minor_id] = 0\r\n                   AND [ep].[class] = 1\r\n                   AND [ep].[name] = N'microsoft_database_tools_support'\r\n          )\r\n      )\r\n      SELECT 1 ELSE SELECT 0\r\ndbug: Microsoft.EntityFrameworkCore.Database.Connection[20002]\r\n      Closing connection to database 'BusBusDB' on server 'localhost\\SQLEXPRESS'.\r\ndbug: Microsoft.EntityFrameworkCore.Database.Connection[20003]\r\n      Closed connection to database 'BusBusDB' on server 'localhost\\SQLEXPRESS' (0ms).\r\ndbug: Microsoft.EntityFrameworkCore.Infrastructure[10407]\r\n      'AppDbContext' disposed.\r\ndbug: Microsoft.EntityFrameworkCore.Database.Connection[20007]\r\n      Disposing connection to database 'BusBusDB' on server 'localhost\\SQLEXPRESS'.\r\ndbug: Microsoft.EntityFrameworkCore.Database.Connection[20008]\r\n      Disposed connection to database '' on server '' (0ms).\r\ndbug: Microsoft.EntityFrameworkCore.Infrastructure[10403]\r\n      Entity Framework Core 8.0.11 initialized 'AppDbContext' using provider 'Microsoft.EntityFrameworkCore.SqlServer:8.0.11' with options: SensitiveDataLoggingEnabled DetailedErrorsEnabled \r\ndbug: Microsoft.EntityFrameworkCore.Database.Connection[20005]\r\n      Creating DbConnection.\r\ndbug: Microsoft.EntityFrameworkCore.Database.Connection[20006]\r\n      Created DbConnection. (0ms).\r\ndbug: Microsoft.EntityFrameworkCore.Database.Connection[20000]\r\n      Opening connection to database 'BusBusDB' on server 'localhost\\SQLEXPRESS'.\r\ndbug: Microsoft.EntityFrameworkCore.Database.Connection[20001]\r\n      Opened connection to database 'BusBusDB' on server 'localhost\\SQLEXPRESS'.\r\ndbug: Microsoft.EntityFrameworkCore.Database.Command[20103]\r\n      Creating DbCommand for 'ExecuteNonQuery'.\r\ndbug: Microsoft.EntityFrameworkCore.Database.Command[20104]\r\n      Created DbCommand for 'ExecuteNonQuery' (0ms).\r\ndbug: Microsoft.EntityFrameworkCore.Database.Command[20106]\r\n      Initialized DbCommand for 'ExecuteNonQuery' (0ms).\r\ndbug: Microsoft.EntityFrameworkCore.Database.Command[20100]\r\n      Executing DbCommand [Parameters=[], CommandType='Text', CommandTimeout='300']\r\n      SELECT 1\r\ninfo: Microsoft.EntityFrameworkCore.Database.Command[20101]\r\n      Executed DbCommand (1ms) [Parameters=[], CommandType='Text', CommandTimeout='300']\r\n      SELECT 1\r\ndbug: Microsoft.EntityFrameworkCore.Database.Connection[20002]\r\n      Closing connection to database 'BusBusDB' on server 'localhost\\SQLEXPRESS'.\r\ndbug: Microsoft.EntityFrameworkCore.Database.Connection[20003]\r\n      Closed connection to database 'BusBusDB' on server 'localhost\\SQLEXPRESS' (0ms).\r\ndbug: Microsoft.EntityFrameworkCore.Query[10111]\r\n      Compiling query expression: \r\n      'DbSet<Route>()\r\n          .Count()'\r\ndbug: Microsoft.EntityFrameworkCore.Query[10107]\r\n      Generated query execution expression: \r\n      'queryContext => ShapedQueryCompilingExpressionVisitor.SingleAsync<int>(\r\n          asyncEnumerable: new SingleQueryingEnumerable<int>(\r\n              (RelationalQueryContext)queryContext, \r\n              RelationalCommandCache.QueryExpression(\r\n                  Projection Mapping:\r\n                      EmptyProjectionMember -> 0\r\n                  SELECT COUNT(*)\r\n                  FROM Routes AS r), \r\n              null, \r\n              Func<QueryContext, DbDataReader, ResultContext, SingleQueryResultCoordinator, int>, \r\n              BusBus.DataAccess.AppDbContext, \r\n              False, \r\n              True, \r\n              True\r\n          ), \r\n          cancellationToken: queryContext.CancellationToken)'\r\ndbug: Microsoft.EntityFrameworkCore.Database.Connection[20000]\r\n      Opening connection to database 'BusBusDB' on server 'localhost\\SQLEXPRESS'.\r\ndbug: Microsoft.EntityFrameworkCore.Database.Connection[20001]\r\n      Opened connection to database 'BusBusDB' on server 'localhost\\SQLEXPRESS'.\r\ndbug: Microsoft.EntityFrameworkCore.Database.Command[20103]\r\n      Creating DbCommand for 'ExecuteReader'.\r\ndbug: Microsoft.EntityFrameworkCore.Database.Command[20104]\r\n      Created DbCommand for 'ExecuteReader' (0ms).\r\ndbug: Microsoft.EntityFrameworkCore.Database.Command[20106]\r\n      Initialized DbCommand for 'ExecuteReader' (0ms).\r\ndbug: Microsoft.EntityFrameworkCore.Database.Command[20100]\r\n      Executing DbCommand [Parameters=[], CommandType='Text', CommandTimeout='300']\r\n      SELECT COUNT(*)\r\n      FROM [Routes] AS [r]\r\ninfo: Microsoft.EntityFrameworkCore.Database.Command[20101]\r\n      Executed DbCommand (3ms) [Parameters=[], CommandType='Text', CommandTimeout='300']\r\n      SELECT COUNT(*)\r\n      FROM [Routes] AS [r]\r\ndbug: Microsoft.EntityFrameworkCore.Database.Command[20301]\r\n      Closing data reader to 'BusBusDB' on server 'localhost\\SQLEXPRESS'.\r\ndbug: Microsoft.EntityFrameworkCore.Database.Command[20300]\r\n      A data reader for 'BusBusDB' on server 'localhost\\SQLEXPRESS' is being disposed after spending 5ms reading results.\r\ndbug: Microsoft.EntityFrameworkCore.Database.Connection[20002]\r\n      Closing connection to database 'BusBusDB' on server 'localhost\\SQLEXPRESS'.\r\ndbug: Microsoft.EntityFrameworkCore.Database.Connection[20003]\r\n      Closed connection to database 'BusBusDB' on server 'localhost\\SQLEXPRESS' (0ms).\r\ndbug: Microsoft.EntityFrameworkCore.Query[10111]\r\n      Compiling query expression: \r\n      'DbSet<Driver>()\r\n          .Count()'\r\ndbug: Microsoft.EntityFrameworkCore.Query[10107]\r\n      Generated query execution expression: \r\n      'queryContext => ShapedQueryCompilingExpressionVisitor.SingleAsync<int>(\r\n          asyncEnumerable: new SingleQueryingEnumerable<int>(\r\n              (RelationalQueryContext)queryContext, \r\n              RelationalCommandCache.QueryExpression(\r\n                  Projection Mapping:\r\n                      EmptyProjectionMember -> 0\r\n                  SELECT COUNT(*)\r\n                  FROM Drivers AS d), \r\n              null, \r\n              Func<QueryContext, DbDataReader, ResultContext, SingleQueryResultCoordinator, int>, \r\n              BusBus.DataAccess.AppDbContext, \r\n              False, \r\n              True, \r\n              True\r\n          ), \r\n          cancellationToken: queryContext.CancellationToken)'\r\ndbug: Microsoft.EntityFrameworkCore.Database.Connection[20000]\r\n      Opening connection to database 'BusBusDB' on server 'localhost\\SQLEXPRESS'.\r\ndbug: Microsoft.EntityFrameworkCore.Database.Connection[20001]\r\n      Opened connection to database 'BusBusDB' on server 'localhost\\SQLEXPRESS'.\r\ndbug: Microsoft.EntityFrameworkCore.Database.Command[20103]\r\n      Creating DbCommand for 'ExecuteReader'.\r\ndbug: Microsoft.EntityFrameworkCore.Database.Command[20104]\r\n      Created DbCommand for 'ExecuteReader' (0ms).\r\ndbug: Microsoft.EntityFrameworkCore.Database.Command[20106]\r\n      Initialized DbCommand for 'ExecuteReader' (0ms).\r\ndbug: Microsoft.EntityFrameworkCore.Database.Command[20100]\r\n      Executing DbCommand [Parameters=[], CommandType='Text', CommandTimeout='300']\r\n      SELECT COUNT(*)\r\n      FROM [Drivers] AS [d]\r\ninfo: Microsoft.EntityFrameworkCore.Database.Command[20101]\r\n      Executed DbCommand (3ms) [Parameters=[], CommandType='Text', CommandTimeout='300']\r\n      SELECT COUNT(*)\r\n      FROM [Drivers] AS [d]\r\ndbug: Microsoft.EntityFrameworkCore.Database.Command[20301]\r\n      Closing data reader to 'BusBusDB' on server 'localhost\\SQLEXPRESS'.\r\ndbug: Microsoft.EntityFrameworkCore.Database.Command[20300]\r\n      A data reader for 'BusBusDB' on server 'localhost\\SQLEXPRESS' is being disposed after spending 0ms reading results.\r\ndbug: Microsoft.EntityFrameworkCore.Database.Connection[20002]\r\n      Closing connection to database 'BusBusDB' on server 'localhost\\SQLEXPRESS'.\r\ndbug: Microsoft.EntityFrameworkCore.Database.Connection[20003]\r\n      Closed connection to database 'BusBusDB' on server 'localhost\\SQLEXPRESS' (0ms).\r\ndbug: Microsoft.EntityFrameworkCore.Query[10111]\r\n      Compiling query expression: \r\n      'DbSet<Vehicle>()\r\n          .Count()'\r\ndbug: Microsoft.EntityFrameworkCore.Query[10107]\r\n      Generated query execution expression: \r\n      'queryContext => ShapedQueryCompilingExpressionVisitor.SingleAsync<int>(\r\n          asyncEnumerable: new SingleQueryingEnumerable<int>(\r\n              (RelationalQueryContext)queryContext, \r\n              RelationalCommandCache.QueryExpression(\r\n                  Projection Mapping:\r\n                      EmptyProjectionMember -> 0\r\n                  SELECT COUNT(*)\r\n                  FROM Vehicles AS v), \r\n              null, \r\n              Func<QueryContext, DbDataReader, ResultContext, SingleQueryResultCoordinator, int>, \r\n              BusBus.DataAccess.AppDbContext, \r\n              False, \r\n              True, \r\n              True\r\n          ), \r\n          cancellationToken: queryContext.CancellationToken)'\r\ndbug: Microsoft.EntityFrameworkCore.Database.Connection[20000]\r\n      Opening connection to database 'BusBusDB' on server 'localhost\\SQLEXPRESS'.\r\ndbug: Microsoft.EntityFrameworkCore.Database.Connection[20001]\r\n      Opened connection to database 'BusBusDB' on server 'localhost\\SQLEXPRESS'.\r\ndbug: Microsoft.EntityFrameworkCore.Database.Command[20103]\r\n      Creating DbCommand for 'ExecuteReader'.\r\ndbug: Microsoft.EntityFrameworkCore.Database.Command[20104]\r\n      Created DbCommand for 'ExecuteReader' (0ms).\r\ndbug: Microsoft.EntityFrameworkCore.Database.Command[20106]\r\n      Initialized DbCommand for 'ExecuteReader' (0ms).\r\ndbug: Microsoft.EntityFrameworkCore.Database.Command[20100]\r\n      Executing DbCommand [Parameters=[], CommandType='Text', CommandTimeout='300']\r\n      SELECT COUNT(*)\r\n      FROM [Vehicles] AS [v]\r\ninfo: Microsoft.EntityFrameworkCore.Database.Command[20101]\r\n      Executed DbCommand (2ms) [Parameters=[], CommandType='Text', CommandTimeout='300']\r\n      SELECT COUNT(*)\r\n      FROM [Vehicles] AS [v]\r\ndbug: Microsoft.EntityFrameworkCore.Database.Command[20301]\r\n      Closing data reader to 'BusBusDB' on server 'localhost\\SQLEXPRESS'.\r\ndbug: Microsoft.EntityFrameworkCore.Database.Command[20300]\r\n      A data reader for 'BusBusDB' on server 'localhost\\SQLEXPRESS' is being disposed after spending 0ms reading results.\r\ndbug: Microsoft.EntityFrameworkCore.Database.Connection[20002]\r\n      Closing connection to database 'BusBusDB' on server 'localhost\\SQLEXPRESS'.\r\ndbug: Microsoft.EntityFrameworkCore.Database.Connection[20003]\r\n      Closed connection to database 'BusBusDB' on server 'localhost\\SQLEXPRESS' (0ms).\r\ndbug: Microsoft.EntityFrameworkCore.Infrastructure[10407]\r\n      'AppDbContext' disposed.\r\ndbug: Microsoft.EntityFrameworkCore.Database.Connection[20007]\r\n      Disposing connection to database 'BusBusDB' on server 'localhost\\SQLEXPRESS'.\r\ndbug: Microsoft.EntityFrameworkCore.Database.Connection[20008]\r\n      Disposed connection to database '' on server '' (0ms).\r\n"},{"Category":"StdOutMsgs","Text":"\r\n\r\nTestContext Messages:\r\nDatabase contains: 3 routes, 52 drivers, 44 vehicles\r\n"}],"ComputerName":"ST-LPTP9-23","Duration":"00:00:01.2320903","StartTime":"2025-05-31T03:21:44.4357266-06:00","EndTime":"2025-05-31T03:21:45.6684588-06:00","Properties":[{"Key":{"Id":"ParentExecId","Label":"ParentExecId","Category":"","Description":"","Attributes":1,"ValueType":"System.Guid"},"Value":"00000000-0000-0000-0000-000000000000"},{"Key":{"Id":"InnerResultsCount","Label":"InnerResultsCount","Category":"","Description":"","Attributes":1,"ValueType":"System.Int32"},"Value":0},{"Key":{"Id":"ExecutionId","Label":"ExecutionId","Category":"","Description":"","Attributes":1,"ValueType":"System.Guid"},"Value":"00000000-0000-0000-0000-000000000000"}]},{"TestCase":{"Id":"c79d60da-a5fc-63b0-3dda-e728efb87f13","FullyQualifiedName":"BusBus.Tests.UI.DashboardUIDebugTests.TestServiceResolution","DisplayName":"TestServiceResolution","ExecutorUri":"executor://MSTestAdapter/v2","Source":"C:\\Users\\steve.mckitrick\\Desktop\\BusBus\\BusBus.Tests\\bin\\Debug\\net8.0-windows\\BusBus.Tests.dll","CodeFilePath":null,"LineNumber":-1,"Properties":[{"Key":{"Id":"TestObject.Traits","Label":"Traits","Category":"","Description":"","Attributes":5,"ValueType":"System.Collections.Generic.KeyValuePair`2[[System.String],[System.String]][]"},"Value":[]},{"Key":{"Id":"TestCase.ManagedMethod","Label":"ManagedMethod","Category":"","Description":"","Attributes":1,"ValueType":"System.String"},"Value":"TestServiceResolution"},{"Key":{"Id":"MSTest.TestIdGenerationStrategy","Label":"TestIdGenerationStrategy","Category":"","Description":"","Attributes":1,"ValueType":"System.Int32"},"Value":2},{"Key":{"Id":"TestCase.Hierarchy","Label":"Hierarchy","Category":"","Description":"","Attributes":2,"ValueType":"System.String[]"},"Value":[null,"BusBus.Tests.UI","DashboardUIDebugTests","TestServiceResolution"]},{"Key":{"Id":"TestCase.ManagedType","Label":"ManagedType","Category":"","Description":"","Attributes":1,"ValueType":"System.String"},"Value":"BusBus.Tests.UI.DashboardUIDebugTests"},{"Key":{"Id":"MSTestDiscoverer.TestCategory","Label":"TestCategory","Category":"","Description":"","Attributes":5,"ValueType":"System.String[]"},"Value":["UI","Integration"]},{"Key":{"Id":"MSTestDiscoverer.TestClassName","Label":"ClassName","Category":"","Description":"","Attributes":1,"ValueType":"System.String"},"Value":"BusBus.Tests.UI.DashboardUIDebugTests"}]},"Attachments":[],"Outcome":1,"ErrorMessage":null,"ErrorStackTrace":null,"DisplayName":"TestServiceResolution","Messages":[{"Category":"StdOutMsgs","Text":"dbug: Microsoft.EntityFrameworkCore.Infrastructure[10403]\r\n      Entity Framework Core 8.0.11 initialized 'AppDbContext' using provider 'Microsoft.EntityFrameworkCore.SqlServer:8.0.11' with options: SensitiveDataLoggingEnabled DetailedErrorsEnabled \r\ndbug: Microsoft.EntityFrameworkCore.Database.Connection[20005]\r\n      Creating DbConnection.\r\ndbug: Microsoft.EntityFrameworkCore.Database.Connection[20006]\r\n      Created DbConnection. (0ms).\r\ndbug: Microsoft.EntityFrameworkCore.Database.Connection[20000]\r\n      Opening connection to database 'BusBusDB' on server 'localhost\\SQLEXPRESS'.\r\ndbug: Microsoft.EntityFrameworkCore.Database.Connection[20001]\r\n      Opened connection to database 'BusBusDB' on server 'localhost\\SQLEXPRESS'.\r\ndbug: Microsoft.EntityFrameworkCore.Database.Command[20103]\r\n      Creating DbCommand for 'ExecuteNonQuery'.\r\ndbug: Microsoft.EntityFrameworkCore.Database.Command[20104]\r\n      Created DbCommand for 'ExecuteNonQuery' (0ms).\r\ndbug: Microsoft.EntityFrameworkCore.Database.Command[20106]\r\n      Initialized DbCommand for 'ExecuteNonQuery' (0ms).\r\ndbug: Microsoft.EntityFrameworkCore.Database.Command[20100]\r\n      Executing DbCommand [Parameters=[], CommandType='Text', CommandTimeout='300']\r\n      SELECT 1\r\ninfo: Microsoft.EntityFrameworkCore.Database.Command[20101]\r\n      Executed DbCommand (1ms) [Parameters=[], CommandType='Text', CommandTimeout='300']\r\n      SELECT 1\r\ndbug: Microsoft.EntityFrameworkCore.Database.Connection[20002]\r\n      Closing connection to database 'BusBusDB' on server 'localhost\\SQLEXPRESS'.\r\ndbug: Microsoft.EntityFrameworkCore.Database.Connection[20003]\r\n      Closed connection to database 'BusBusDB' on server 'localhost\\SQLEXPRESS' (0ms).\r\ndbug: Microsoft.EntityFrameworkCore.Database.Command[20103]\r\n      Creating DbCommand for 'ExecuteScalar'.\r\ndbug: Microsoft.EntityFrameworkCore.Database.Command[20104]\r\n      Created DbCommand for 'ExecuteScalar' (0ms).\r\ndbug: Microsoft.EntityFrameworkCore.Database.Command[20106]\r\n      Initialized DbCommand for 'ExecuteScalar' (0ms).\r\ndbug: Microsoft.EntityFrameworkCore.Database.Connection[20000]\r\n      Opening connection to database 'BusBusDB' on server 'localhost\\SQLEXPRESS'.\r\ndbug: Microsoft.EntityFrameworkCore.Database.Connection[20001]\r\n      Opened connection to database 'BusBusDB' on server 'localhost\\SQLEXPRESS'.\r\ndbug: Microsoft.EntityFrameworkCore.Database.Command[20100]\r\n      Executing DbCommand [Parameters=[], CommandType='Text', CommandTimeout='300']\r\n      \r\n      IF EXISTS\r\n          (SELECT *\r\n           FROM [sys].[objects] o\r\n           WHERE [o].[type] = 'U'\r\n           AND [o].[is_ms_shipped] = 0\r\n           AND NOT EXISTS (SELECT *\r\n               FROM [sys].[extended_properties] AS [ep]\r\n               WHERE [ep].[major_id] = [o].[object_id]\r\n                   AND [ep].[minor_id] = 0\r\n                   AND [ep].[class] = 1\r\n                   AND [ep].[name] = N'microsoft_database_tools_support'\r\n          )\r\n      )\r\n      SELECT 1 ELSE SELECT 0\r\ninfo: Microsoft.EntityFrameworkCore.Database.Command[20101]\r\n      Executed DbCommand (1ms) [Parameters=[], CommandType='Text', CommandTimeout='300']\r\n      \r\n      IF EXISTS\r\n          (SELECT *\r\n           FROM [sys].[objects] o\r\n           WHERE [o].[type] = 'U'\r\n           AND [o].[is_ms_shipped] = 0\r\n           AND NOT EXISTS (SELECT *\r\n               FROM [sys].[extended_properties] AS [ep]\r\n               WHERE [ep].[major_id] = [o].[object_id]\r\n                   AND [ep].[minor_id] = 0\r\n                   AND [ep].[class] = 1\r\n                   AND [ep].[name] = N'microsoft_database_tools_support'\r\n          )\r\n      )\r\n      SELECT 1 ELSE SELECT 0\r\ndbug: Microsoft.EntityFrameworkCore.Database.Connection[20002]\r\n      Closing connection to database 'BusBusDB' on server 'localhost\\SQLEXPRESS'.\r\ndbug: Microsoft.EntityFrameworkCore.Database.Connection[20003]\r\n      Closed connection to database 'BusBusDB' on server 'localhost\\SQLEXPRESS' (0ms).\r\ndbug: Microsoft.EntityFrameworkCore.Infrastructure[10407]\r\n      'AppDbContext' disposed.\r\ndbug: Microsoft.EntityFrameworkCore.Database.Connection[20007]\r\n      Disposing connection to database 'BusBusDB' on server 'localhost\\SQLEXPRESS'.\r\ndbug: Microsoft.EntityFrameworkCore.Database.Connection[20008]\r\n      Disposed connection to database '' on server '' (0ms).\r\n"}],"ComputerName":"ST-LPTP9-23","Duration":"00:00:00.0477536","StartTime":"2025-05-31T03:21:45.673406-06:00","EndTime":"2025-05-31T03:21:45.7215078-06:00","Properties":[{"Key":{"Id":"ParentExecId","Label":"ParentExecId","Category":"","Description":"","Attributes":1,"ValueType":"System.Guid"},"Value":"00000000-0000-0000-0000-000000000000"},{"Key":{"Id":"InnerResultsCount","Label":"InnerResultsCount","Category":"","Description":"","Attributes":1,"ValueType":"System.Int32"},"Value":0},{"Key":{"Id":"ExecutionId","Label":"ExecutionId","Category":"","Description":"","Attributes":1,"ValueType":"System.Guid"},"Value":"00000000-0000-0000-0000-000000000000"}]}],"TestRunStatistics":{"ExecutedTests":3,"Stats":{"Passed":3}},"ActiveTests":[{"Id":"a587588e-5f48-18af-baec-b672216ee829","FullyQualifiedName":"BusBus.Tests.UI.DashboardUIDebugTests.TestDashboardCreation","DisplayName":"TestDashboardCreation","ExecutorUri":"executor://MSTestAdapter/v2","Source":"C:\\Users\\steve.mckitrick\\Desktop\\BusBus\\BusBus.Tests\\bin\\Debug\\net8.0-windows\\BusBus.Tests.dll","CodeFilePath":null,"LineNumber":-1,"Properties":[{"Key":{"Id":"TestObject.Traits","Label":"Traits","Category":"","Description":"","Attributes":5,"ValueType":"System.Collections.Generic.KeyValuePair`2[[System.String],[System.String]][]"},"Value":[]},{"Key":{"Id":"TestCase.ManagedMethod","Label":"ManagedMethod","Category":"","Description":"","Attributes":1,"ValueType":"System.String"},"Value":"TestDashboardCreation"},{"Key":{"Id":"MSTest.TestIdGenerationStrategy","Label":"TestIdGenerationStrategy","Category":"","Description":"","Attributes":1,"ValueType":"System.Int32"},"Value":2},{"Key":{"Id":"TestCase.Hierarchy","Label":"Hierarchy","Category":"","Description":"","Attributes":2,"ValueType":"System.String[]"},"Value":[null,"BusBus.Tests.UI","DashboardUIDebugTests","TestDashboardCreation"]},{"Key":{"Id":"TestCase.ManagedType","Label":"ManagedType","Category":"","Description":"","Attributes":1,"ValueType":"System.String"},"Value":"BusBus.Tests.UI.DashboardUIDebugTests"},{"Key":{"Id":"MSTestDiscoverer.TestCategory","Label":"TestCategory","Category":"","Description":"","Attributes":5,"ValueType":"System.String[]"},"Value":["UI","Integration"]},{"Key":{"Id":"MSTestDiscoverer.TestClassName","Label":"ClassName","Category":"","Description":"","Attributes":1,"ValueType":"System.String"},"Value":"BusBus.Tests.UI.DashboardUIDebugTests"}]}]}}
TpTrace Verbose: 0 : 19644, 13, 2025/05/31, 03:21:45.815, 1340630061766, vstest.console.dll, TestRunRequest:SendTestRunStatsChange: Starting.
TpTrace Verbose: 0 : 19644, 13, 2025/05/31, 03:21:45.815, 1340630063099, vstest.console.dll, InProgress is TestDashboardCreation
TpTrace Verbose: 0 : 19644, 13, 2025/05/31, 03:21:45.815, 1340630065043, vstest.console.dll, MulticastDelegateUtilities.SafeInvoke: TestRun.RunStatsChanged: Invoking callbacks was skipped because there are no subscribers.
TpTrace Information: 0 : 19644, 13, 2025/05/31, 03:21:45.815, 1340630065470, vstest.console.dll, TestRunRequest:SendTestRunStatsChange: Completed.
TpTrace Verbose: 0 : 19644, 13, 2025/05/31, 03:21:45.815, 1340630065936, vstest.console.dll, MulticastDelegateUtilities.SafeInvoke: LengthPrefixCommunicationChannel: MessageReceived: Invoking callback 1/1 for Microsoft.VisualStudio.TestPlatform.CommunicationUtilities.TestRequestSender+<>c__DisplayClass34_0., took 35 ms.
TpTrace Verbose: 0 : 19644, 13, 2025/05/31, 03:21:45.815, 1340630066223, vstest.console.dll, TcpClientExtensions.MessageLoopAsync: Polling on remoteEndPoint: 127.0.0.1:53410 localEndPoint: 127.0.0.1:53409 after 620 ms
TpTrace Verbose: 0 : 19644, 4, 2025/05/31, 03:21:45.817, 1340630082091, vstest.console.dll, MulticastDelegateUtilities.SafeInvoke: InternalTestLoggerEvents.SendTestResult: Invoking callback 1/2 for Microsoft.VisualStudio.TestPlatform.CommandLine.Internal.ConsoleLogger., took 1 ms.
TpTrace Verbose: 0 : 19644, 4, 2025/05/31, 03:21:45.817, 1340630084293, vstest.console.dll, MulticastDelegateUtilities.SafeInvoke: InternalTestLoggerEvents.SendTestResult: Invoking callback 2/2 for Microsoft.VisualStudio.TestPlatform.CommandLine.Internal.MSBuildLogger., took 0 ms.
TpTrace Verbose: 0 : 19644, 4, 2025/05/31, 03:21:45.817, 1340630085576, vstest.console.dll, MulticastDelegateUtilities.SafeInvoke: InternalTestLoggerEvents.SendTestResult: Invoking callback 1/2 for Microsoft.VisualStudio.TestPlatform.CommandLine.Internal.ConsoleLogger., took 0 ms.
TpTrace Verbose: 0 : 19644, 4, 2025/05/31, 03:21:45.817, 1340630085955, vstest.console.dll, MulticastDelegateUtilities.SafeInvoke: InternalTestLoggerEvents.SendTestResult: Invoking callback 2/2 for Microsoft.VisualStudio.TestPlatform.CommandLine.Internal.MSBuildLogger., took 0 ms.
TpTrace Verbose: 0 : 19644, 4, 2025/05/31, 03:21:45.817, 1340630086997, vstest.console.dll, MulticastDelegateUtilities.SafeInvoke: InternalTestLoggerEvents.SendTestResult: Invoking callback 1/2 for Microsoft.VisualStudio.TestPlatform.CommandLine.Internal.ConsoleLogger., took 0 ms.
TpTrace Verbose: 0 : 19644, 4, 2025/05/31, 03:21:45.817, 1340630087352, vstest.console.dll, MulticastDelegateUtilities.SafeInvoke: InternalTestLoggerEvents.SendTestResult: Invoking callback 2/2 for Microsoft.VisualStudio.TestPlatform.CommandLine.Internal.MSBuildLogger., took 0 ms.
TpTrace Verbose: 0 : 19644, 11, 2025/05/31, 03:21:45.831, 1340630220745, vstest.console.dll, TestHostManagerCallbacks.StandardOutputReceivedCallback Test host standard output line: [Program] Starting application shutdown
TpTrace Verbose: 0 : 19644, 11, 2025/05/31, 03:21:45.831, 1340630222691, vstest.console.dll, MulticastDelegateUtilities.SafeInvoke: TestRunMessageLoggerProxy.SendMessage: Invoking callback 1/1 for Microsoft.VisualStudio.TestPlatform.Common.Logging.InternalTestLoggerEvents., took 0 ms.
TpTrace Verbose: 0 : 19644, 4, 2025/05/31, 03:21:45.831, 1340630223547, vstest.console.dll, MulticastDelegateUtilities.SafeInvoke: InternalTestLoggerEvents.SendMessage: Invoking callback 1/2 for Microsoft.VisualStudio.TestPlatform.CommandLine.Internal.ConsoleLogger., took 0 ms.
TpTrace Verbose: 0 : 19644, 11, 2025/05/31, 03:21:45.831, 1340630224255, vstest.console.dll, TestHostManagerCallbacks.StandardOutputReceivedCallback Test host standard output line: [Program] Cancellation token signaled
TpTrace Verbose: 0 : 19644, 4, 2025/05/31, 03:21:45.831, 1340630224539, vstest.console.dll, MulticastDelegateUtilities.SafeInvoke: InternalTestLoggerEvents.SendMessage: Invoking callback 2/2 for Microsoft.VisualStudio.TestPlatform.CommandLine.Internal.MSBuildLogger., took 0 ms.
TpTrace Verbose: 0 : 19644, 11, 2025/05/31, 03:21:45.831, 1340630224805, vstest.console.dll, MulticastDelegateUtilities.SafeInvoke: TestRunMessageLoggerProxy.SendMessage: Invoking callback 1/1 for Microsoft.VisualStudio.TestPlatform.Common.Logging.InternalTestLoggerEvents., took 0 ms.
TpTrace Verbose: 0 : 19644, 11, 2025/05/31, 03:21:45.831, 1340630225175, vstest.console.dll, TestHostManagerCallbacks.StandardOutputReceivedCallback Test host standard output line: [Program] Waiting for 0 background tasks to complete...
TpTrace Verbose: 0 : 19644, 4, 2025/05/31, 03:21:45.831, 1340630225416, vstest.console.dll, MulticastDelegateUtilities.SafeInvoke: InternalTestLoggerEvents.SendMessage: Invoking callback 1/2 for Microsoft.VisualStudio.TestPlatform.CommandLine.Internal.ConsoleLogger., took 0 ms.
TpTrace Verbose: 0 : 19644, 11, 2025/05/31, 03:21:45.831, 1340630225536, vstest.console.dll, MulticastDelegateUtilities.SafeInvoke: TestRunMessageLoggerProxy.SendMessage: Invoking callback 1/1 for Microsoft.VisualStudio.TestPlatform.Common.Logging.InternalTestLoggerEvents., took 0 ms.
TpTrace Verbose: 0 : 19644, 4, 2025/05/31, 03:21:45.831, 1340630226184, vstest.console.dll, MulticastDelegateUtilities.SafeInvoke: InternalTestLoggerEvents.SendMessage: Invoking callback 2/2 for Microsoft.VisualStudio.TestPlatform.CommandLine.Internal.MSBuildLogger., took 0 ms.
TpTrace Verbose: 0 : 19644, 11, 2025/05/31, 03:21:45.831, 1340630226217, vstest.console.dll, TestHostManagerCallbacks.StandardOutputReceivedCallback Test host standard output line: [Program] All background tasks completed
TpTrace Verbose: 0 : 19644, 11, 2025/05/31, 03:21:45.831, 1340630226896, vstest.console.dll, MulticastDelegateUtilities.SafeInvoke: TestRunMessageLoggerProxy.SendMessage: Invoking callback 1/1 for Microsoft.VisualStudio.TestPlatform.Common.Logging.InternalTestLoggerEvents., took 0 ms.
TpTrace Verbose: 0 : 19644, 4, 2025/05/31, 03:21:45.831, 1340630226921, vstest.console.dll, MulticastDelegateUtilities.SafeInvoke: InternalTestLoggerEvents.SendMessage: Invoking callback 1/2 for Microsoft.VisualStudio.TestPlatform.CommandLine.Internal.ConsoleLogger., took 0 ms.
TpTrace Verbose: 0 : 19644, 4, 2025/05/31, 03:21:45.831, 1340630227998, vstest.console.dll, MulticastDelegateUtilities.SafeInvoke: InternalTestLoggerEvents.SendMessage: Invoking callback 2/2 for Microsoft.VisualStudio.TestPlatform.CommandLine.Internal.MSBuildLogger., took 0 ms.
TpTrace Verbose: 0 : 19644, 4, 2025/05/31, 03:21:45.832, 1340630228861, vstest.console.dll, MulticastDelegateUtilities.SafeInvoke: InternalTestLoggerEvents.SendMessage: Invoking callback 1/2 for Microsoft.VisualStudio.TestPlatform.CommandLine.Internal.ConsoleLogger., took 0 ms.
TpTrace Verbose: 0 : 19644, 4, 2025/05/31, 03:21:45.832, 1340630229807, vstest.console.dll, MulticastDelegateUtilities.SafeInvoke: InternalTestLoggerEvents.SendMessage: Invoking callback 2/2 for Microsoft.VisualStudio.TestPlatform.CommandLine.Internal.MSBuildLogger., took 0 ms.
TpTrace Warning: 0 : 19644, 10, 2025/05/31, 03:21:45.973, 1340631642397, vstest.console.dll, DataCollectionLauncher.ErrorReceivedCallback datacollector standard error line: 
TpTrace Error: 0 : 19644, 10, 2025/05/31, 03:21:45.980, 1340631717068, vstest.console.dll, DataCollectionLauncher.ExitCallBack: Data collector exited with exitcode:-1 error: ''
TpTrace Verbose: 0 : 19644, 13, 2025/05/31, 03:21:46.805, 1340639965235, vstest.console.dll, TcpClientExtensions.MessageLoopAsync: Polling on remoteEndPoint: 127.0.0.1:53410 localEndPoint: 127.0.0.1:53409 after 989 ms
TpTrace Verbose: 0 : 19644, 13, 2025/05/31, 03:21:47.291, 1340644818594, vstest.console.dll, TcpClientExtensions.MessageLoopAsync: NotifyDataAvailable remoteEndPoint: 127.0.0.1:53410 localEndPoint: 127.0.0.1:53409
TpTrace Verbose: 0 : 19644, 13, 2025/05/31, 03:21:47.291, 1340644822199, vstest.console.dll, TestRequestSender.OnExecutionMessageReceived: Received message: {"Version":7,"MessageType":"TestExecution.StatsChange","Payload":{"NewTestResults":[{"TestCase":{"Id":"a587588e-5f48-18af-baec-b672216ee829","FullyQualifiedName":"BusBus.Tests.UI.DashboardUIDebugTests.TestDashboardCreation","DisplayName":"TestDashboardCreation","ExecutorUri":"executor://MSTestAdapter/v2","Source":"C:\\Users\\steve.mckitrick\\Desktop\\BusBus\\BusBus.Tests\\bin\\Debug\\net8.0-windows\\BusBus.Tests.dll","CodeFilePath":null,"LineNumber":-1,"Properties":[{"Key":{"Id":"TestObject.Traits","Label":"Traits","Category":"","Description":"","Attributes":5,"ValueType":"System.Collections.Generic.KeyValuePair`2[[System.String],[System.String]][]"},"Value":[]},{"Key":{"Id":"TestCase.ManagedMethod","Label":"ManagedMethod","Category":"","Description":"","Attributes":1,"ValueType":"System.String"},"Value":"TestDashboardCreation"},{"Key":{"Id":"MSTest.TestIdGenerationStrategy","Label":"TestIdGenerationStrategy","Category":"","Description":"","Attributes":1,"ValueType":"System.Int32"},"Value":2},{"Key":{"Id":"TestCase.Hierarchy","Label":"Hierarchy","Category":"","Description":"","Attributes":2,"ValueType":"System.String[]"},"Value":[null,"BusBus.Tests.UI","DashboardUIDebugTests","TestDashboardCreation"]},{"Key":{"Id":"TestCase.ManagedType","Label":"ManagedType","Category":"","Description":"","Attributes":1,"ValueType":"System.String"},"Value":"BusBus.Tests.UI.DashboardUIDebugTests"},{"Key":{"Id":"MSTestDiscoverer.TestCategory","Label":"TestCategory","Category":"","Description":"","Attributes":5,"ValueType":"System.String[]"},"Value":["UI","Integration"]},{"Key":{"Id":"MSTestDiscoverer.TestClassName","Label":"ClassName","Category":"","Description":"","Attributes":1,"ValueType":"System.String"},"Value":"BusBus.Tests.UI.DashboardUIDebugTests"}]},"Attachments":[],"Outcome":1,"ErrorMessage":null,"ErrorStackTrace":null,"DisplayName":"TestDashboardCreation","Messages":[{"Category":"StdOutMsgs","Text":"dbug: Microsoft.EntityFrameworkCore.Infrastructure[10403]\r\n      Entity Framework Core 8.0.11 initialized 'AppDbContext' using provider 'Microsoft.EntityFrameworkCore.SqlServer:8.0.11' with options: SensitiveDataLoggingEnabled DetailedErrorsEnabled \r\ndbug: Microsoft.EntityFrameworkCore.Database.Connection[20005]\r\n      Creating DbConnection.\r\ndbug: Microsoft.EntityFrameworkCore.Database.Connection[20006]\r\n      Created DbConnection. (0ms).\r\ndbug: Microsoft.EntityFrameworkCore.Database.Connection[20000]\r\n      Opening connection to database 'BusBusDB' on server 'localhost\\SQLEXPRESS'.\r\ndbug: Microsoft.EntityFrameworkCore.Database.Connection[20001]\r\n      Opened connection to database 'BusBusDB' on server 'localhost\\SQLEXPRESS'.\r\ndbug: Microsoft.EntityFrameworkCore.Database.Command[20103]\r\n      Creating DbCommand for 'ExecuteNonQuery'.\r\ndbug: Microsoft.EntityFrameworkCore.Database.Command[20104]\r\n      Created DbCommand for 'ExecuteNonQuery' (0ms).\r\ndbug: Microsoft.EntityFrameworkCore.Database.Command[20106]\r\n      Initialized DbCommand for 'ExecuteNonQuery' (0ms).\r\ndbug: Microsoft.EntityFrameworkCore.Database.Command[20100]\r\n      Executing DbCommand [Parameters=[], CommandType='Text', CommandTimeout='300']\r\n      SELECT 1\r\ninfo: Microsoft.EntityFrameworkCore.Database.Command[20101]\r\n      Executed DbCommand (0ms) [Parameters=[], CommandType='Text', CommandTimeout='300']\r\n      SELECT 1\r\ndbug: Microsoft.EntityFrameworkCore.Database.Connection[20002]\r\n      Closing connection to database 'BusBusDB' on server 'localhost\\SQLEXPRESS'.\r\ndbug: Microsoft.EntityFrameworkCore.Database.Connection[20003]\r\n      Closed connection to database 'BusBusDB' on server 'localhost\\SQLEXPRESS' (0ms).\r\ndbug: Microsoft.EntityFrameworkCore.Database.Command[20103]\r\n      Creating DbCommand for 'ExecuteScalar'.\r\ndbug: Microsoft.EntityFrameworkCore.Database.Command[20104]\r\n      Created DbCommand for 'ExecuteScalar' (0ms).\r\ndbug: Microsoft.EntityFrameworkCore.Database.Command[20106]\r\n      Initialized DbCommand for 'ExecuteScalar' (0ms).\r\ndbug: Microsoft.EntityFrameworkCore.Database.Connection[20000]\r\n      Opening connection to database 'BusBusDB' on server 'localhost\\SQLEXPRESS'.\r\ndbug: Microsoft.EntityFrameworkCore.Database.Connection[20001]\r\n      Opened connection to database 'BusBusDB' on server 'localhost\\SQLEXPRESS'.\r\ndbug: Microsoft.EntityFrameworkCore.Database.Command[20100]\r\n      Executing DbCommand [Parameters=[], CommandType='Text', CommandTimeout='300']\r\n      \r\n      IF EXISTS\r\n          (SELECT *\r\n           FROM [sys].[objects] o\r\n           WHERE [o].[type] = 'U'\r\n           AND [o].[is_ms_shipped] = 0\r\n           AND NOT EXISTS (SELECT *\r\n               FROM [sys].[extended_properties] AS [ep]\r\n               WHERE [ep].[major_id] = [o].[object_id]\r\n                   AND [ep].[minor_id] = 0\r\n                   AND [ep].[class] = 1\r\n                   AND [ep].[name] = N'microsoft_database_tools_support'\r\n          )\r\n      )\r\n      SELECT 1 ELSE SELECT 0\r\ninfo: Microsoft.EntityFrameworkCore.Database.Command[20101]\r\n      Executed DbCommand (1ms) [Parameters=[], CommandType='Text', CommandTimeout='300']\r\n      \r\n      IF EXISTS\r\n          (SELECT *\r\n           FROM [sys].[objects] o\r\n           WHERE [o].[type] = 'U'\r\n           AND [o].[is_ms_shipped] = 0\r\n           AND NOT EXISTS (SELECT *\r\n               FROM [sys].[extended_properties] AS [ep]\r\n               WHERE [ep].[major_id] = [o].[object_id]\r\n                   AND [ep].[minor_id] = 0\r\n                   AND [ep].[class] = 1\r\n                   AND [ep].[name] = N'microsoft_database_tools_support'\r\n          )\r\n      )\r\n      SELECT 1 ELSE SELECT 0\r\ndbug: Microsoft.EntityFrameworkCore.Database.Connection[20002]\r\n      Closing connection to database 'BusBusDB' on server 'localhost\\SQLEXPRESS'.\r\ndbug: Microsoft.EntityFrameworkCore.Database.Connection[20003]\r\n      Closed connection to database 'BusBusDB' on server 'localhost\\SQLEXPRESS' (0ms).\r\ndbug: Microsoft.EntityFrameworkCore.Infrastructure[10407]\r\n      'AppDbContext' disposed.\r\ndbug: Microsoft.EntityFrameworkCore.Database.Connection[20007]\r\n      Disposing connection to database 'BusBusDB' on server 'localhost\\SQLEXPRESS'.\r\ndbug: Microsoft.EntityFrameworkCore.Database.Connection[20008]\r\n      Disposed connection to database '' on server '' (0ms).\r\ndbug: BusBus.UI.Dashboard[0]\r\n      [DEBUG] Dashboard constructor called. serviceProvider: Microsoft.Extensions.DependencyInjection.ServiceLookup.ServiceProviderEngineScope, routeService: BusBus.Services.RouteService, logger: Microsoft.Extensions.Logging.Logger`1[BusBus.UI.Dashboard]\r\ninfo: BusBus.UI.Dashboard[0]\r\n      Dashboard initialized successfully with performance monitoring enabled\r\n"}],"ComputerName":"ST-LPTP9-23","Duration":"00:00:00.1026731","StartTime":"2025-05-31T03:21:45.7254475-06:00","EndTime":"2025-05-31T03:21:45.8284161-06:00","Properties":[{"Key":{"Id":"ParentExecId","Label":"ParentExecId","Category":"","Description":"","Attributes":1,"ValueType":"System.Guid"},"Value":"00000000-0000-0000-0000-000000000000"},{"Key":{"Id":"InnerResultsCount","Label":"InnerResultsCount","Category":"","Description":"","Attributes":1,"ValueType":"System.Int32"},"Value":0},{"Key":{"Id":"ExecutionId","Label":"ExecutionId","Category":"","Description":"","Attributes":1,"ValueType":"System.Guid"},"Value":"00000000-0000-0000-0000-000000000000"}]}],"TestRunStatistics":{"ExecutedTests":4,"Stats":{"Passed":4}},"ActiveTests":[{"Id":"8dc7fc5c-1657-df54-933c-0f93f1d5e58f","FullyQualifiedName":"BusBus.Tests.UI.DashboardUIDebugTests.TestDashboardViewCreationAndRouteViewLoading","DisplayName":"TestDashboardViewCreationAndRouteViewLoading","ExecutorUri":"executor://MSTestAdapter/v2","Source":"C:\\Users\\steve.mckitrick\\Desktop\\BusBus\\BusBus.Tests\\bin\\Debug\\net8.0-windows\\BusBus.Tests.dll","CodeFilePath":null,"LineNumber":-1,"Properties":[{"Key":{"Id":"TestObject.Traits","Label":"Traits","Category":"","Description":"","Attributes":5,"ValueType":"System.Collections.Generic.KeyValuePair`2[[System.String],[System.String]][]"},"Value":[]},{"Key":{"Id":"TestCase.ManagedMethod","Label":"ManagedMethod","Category":"","Description":"","Attributes":1,"ValueType":"System.String"},"Value":"TestDashboardViewCreationAndRouteViewLoading"},{"Key":{"Id":"MSTest.TestIdGenerationStrategy","Label":"TestIdGenerationStrategy","Category":"","Description":"","Attributes":1,"ValueType":"System.Int32"},"Value":2},{"Key":{"Id":"TestCase.Hierarchy","Label":"Hierarchy","Category":"","Description":"","Attributes":2,"ValueType":"System.String[]"},"Value":[null,"BusBus.Tests.UI","DashboardUIDebugTests","TestDashboardViewCreationAndRouteViewLoading"]},{"Key":{"Id":"TestCase.ManagedType","Label":"ManagedType","Category":"","Description":"","Attributes":1,"ValueType":"System.String"},"Value":"BusBus.Tests.UI.DashboardUIDebugTests"},{"Key":{"Id":"MSTestDiscoverer.TestCategory","Label":"TestCategory","Category":"","Description":"","Attributes":5,"ValueType":"System.String[]"},"Value":["UI","Integration"]},{"Key":{"Id":"MSTestDiscoverer.TestClassName","Label":"ClassName","Category":"","Description":"","Attributes":1,"ValueType":"System.String"},"Value":"BusBus.Tests.UI.DashboardUIDebugTests"}]}]}}
TpTrace Verbose: 0 : 19644, 13, 2025/05/31, 03:21:47.293, 1340644839326, vstest.console.dll, TestRunRequest:SendTestRunStatsChange: Starting.
TpTrace Verbose: 0 : 19644, 13, 2025/05/31, 03:21:47.293, 1340644839805, vstest.console.dll, InProgress is TestDashboardViewCreationAndRouteViewLoading
TpTrace Verbose: 0 : 19644, 13, 2025/05/31, 03:21:47.293, 1340644840365, vstest.console.dll, MulticastDelegateUtilities.SafeInvoke: TestRun.RunStatsChanged: Invoking callbacks was skipped because there are no subscribers.
TpTrace Information: 0 : 19644, 13, 2025/05/31, 03:21:47.293, 1340644840615, vstest.console.dll, TestRunRequest:SendTestRunStatsChange: Completed.
TpTrace Verbose: 0 : 19644, 13, 2025/05/31, 03:21:47.293, 1340644840845, vstest.console.dll, MulticastDelegateUtilities.SafeInvoke: LengthPrefixCommunicationChannel: MessageReceived: Invoking callback 1/1 for Microsoft.VisualStudio.TestPlatform.CommunicationUtilities.TestRequestSender+<>c__DisplayClass34_0., took 1 ms.
TpTrace Verbose: 0 : 19644, 13, 2025/05/31, 03:21:47.293, 1340644841187, vstest.console.dll, TcpClientExtensions.MessageLoopAsync: Polling on remoteEndPoint: 127.0.0.1:53410 localEndPoint: 127.0.0.1:53409 after 487 ms
TpTrace Verbose: 0 : 19644, 4, 2025/05/31, 03:21:47.293, 1340644842086, vstest.console.dll, MulticastDelegateUtilities.SafeInvoke: InternalTestLoggerEvents.SendTestResult: Invoking callback 1/2 for Microsoft.VisualStudio.TestPlatform.CommandLine.Internal.ConsoleLogger., took 0 ms.
TpTrace Verbose: 0 : 19644, 4, 2025/05/31, 03:21:47.293, 1340644842618, vstest.console.dll, MulticastDelegateUtilities.SafeInvoke: InternalTestLoggerEvents.SendTestResult: Invoking callback 2/2 for Microsoft.VisualStudio.TestPlatform.CommandLine.Internal.MSBuildLogger., took 0 ms.
TpTrace Verbose: 0 : 19644, 13, 2025/05/31, 03:21:48.305, 1340654959850, vstest.console.dll, TcpClientExtensions.MessageLoopAsync: Polling on remoteEndPoint: 127.0.0.1:53410 localEndPoint: 127.0.0.1:53409 after 1011 ms
TpTrace Verbose: 0 : 19644, 13, 2025/05/31, 03:21:49.304, 1340664958254, vstest.console.dll, TcpClientExtensions.MessageLoopAsync: Polling on remoteEndPoint: 127.0.0.1:53410 localEndPoint: 127.0.0.1:53409 after 999 ms
